{"numTotalTestSuites":35,"numPassedTestSuites":35,"numFailedTestSuites":0,"numPendingTestSuites":0,"numTotalTests":45,"numPassedTests":45,"numFailedTests":0,"numPendingTests":0,"numTodoTests":0,"snapshot":{"added":0,"failure":false,"filesAdded":0,"filesRemoved":0,"filesRemovedList":[],"filesUnmatched":0,"filesUpdated":0,"matched":0,"total":0,"unchecked":0,"uncheckedKeysByFile":[],"unmatched":0,"updated":0,"didUpdate":false},"startTime":1779791517945,"success":true,"testResults":[{"assertionResults":[{"ancestorTitles":["blog-list-manager constants"],"fullName":"blog-list-manager constants maps routes to tabs","status":"passed","title":"maps routes to tabs","duration":1.0993000000000848,"failureMessages":[],"meta":{}},{"ancestorTitles":["blog-list-manager constants"],"fullName":"blog-list-manager constants defines blog status codes","status":"passed","title":"defines blog status codes","duration":0.23730000000000473,"failureMessages":[],"meta":{}},{"ancestorTitles":["blog-list-manager constants"],"fullName":"blog-list-manager constants filters blogs by search client-side","status":"passed","title":"filters blogs by search client-side","duration":0.8259000000000469,"failureMessages":[],"meta":{}}],"startTime":1779791519308,"endTime":1779791519309.826,"status":"passed","message":"","name":"C:/Work/Dev-rd/liveblog/client_web2/src/mechanisms/blog-list-manager/constants.test.ts"},{"assertionResults":[{"ancestorTitles":["LbCard"],"fullName":"LbCard renders compound header title and subtitle","status":"passed","title":"renders compound header title and subtitle","duration":31.2346,"failureMessages":[],"meta":{}},{"ancestorTitles":["LbCard"],"fullName":"LbCard renders LbFeatureCard","status":"passed","title":"renders LbFeatureCard","duration":4.438999999999851,"failureMessages":[],"meta":{}},{"ancestorTitles":["LbCard"],"fullName":"LbCard renders LbPanelCard with actions","status":"passed","title":"renders LbPanelCard with actions","duration":5.5793999999998505,"failureMessages":[],"meta":{}}],"startTime":1779791519499,"endTime":1779791519540.5793,"status":"passed","message":"","name":"C:/Work/Dev-rd/liveblog/client_web2/src/components/ui/LbCard.test.tsx"},{"assertionResults":[{"ancestorTitles":["nav-config"],"fullName":"nav-config resolves route titles","status":"passed","title":"resolves route titles","duration":1.2936999999999443,"failureMessages":[],"meta":{}},{"ancestorTitles":["nav-config"],"fullName":"nav-config returns sub-nav for liveblog and settings","status":"passed","title":"returns sub-nav for liveblog and settings","duration":0.4572000000000571,"failureMessages":[],"meta":{}},{"ancestorTitles":["nav-config"],"fullName":"nav-config hides sub-nav on editor and blog settings routes","status":"passed","title":"hides sub-nav on editor and blog settings routes","duration":0.19029999999997926,"failureMessages":[],"meta":{}},{"ancestorTitles":["nav-config"],"fullName":"nav-config filters feature-flag admin items","status":"passed","title":"filters feature-flag admin items","duration":0.2219000000000051,"failureMessages":[],"meta":{}}],"startTime":1779791519382,"endTime":1779791519384.222,"status":"passed","message":"","name":"C:/Work/Dev-rd/liveblog/client_web2/src/mechanisms/navigation-manager/nav-config.test.ts"},{"assertionResults":[{"ancestorTitles":["request-logger"],"fullName":"request-logger caps history at 200 entries","status":"passed","title":"caps history at 200 entries","duration":8.005300000000034,"failureMessages":[],"meta":{}},{"ancestorTitles":["request-logger"],"fullName":"request-logger returns newest-first order","status":"passed","title":"returns newest-first order","duration":0.5124999999998181,"failureMessages":[],"meta":{}},{"ancestorTitles":["request-logger"],"fullName":"request-logger links request id to response entry","status":"passed","title":"links request id to response entry","duration":0.3124000000000251,"failureMessages":[],"meta":{}},{"ancestorTitles":["request-logger"],"fullName":"request-logger records error direction","status":"passed","title":"records error direction","duration":0.39620000000013533,"failureMessages":[],"meta":{}},{"ancestorTitles":["request-logger"],"fullName":"request-logger clears history","status":"passed","title":"clears history","duration":0.3310999999998785,"failureMessages":[],"meta":{}}],"startTime":1779791519276,"endTime":1779791519286.331,"status":"passed","message":"","name":"C:/Work/Dev-rd/liveblog/client_web2/src/mechanisms/request-logger/logger.test.ts"},{"assertionResults":[{"ancestorTitles":["settings-manager types"],"fullName":"settings-manager types maps API preferences into form defaults","status":"passed","title":"maps API preferences into form defaults","duration":1.9347000000000207,"failureMessages":[],"meta":{}},{"ancestorTitles":["settings-manager types"],"fullName":"settings-manager types builds patch list for all allowed keys","status":"passed","title":"builds patch list for all allowed keys","duration":1.332300000000032,"failureMessages":[],"meta":{}}],"startTime":1779791519308,"endTime":1779791519311.3323,"status":"passed","message":"","name":"C:/Work/Dev-rd/liveblog/client_web2/src/mechanisms/settings-manager/types.test.ts"},{"assertionResults":[{"ancestorTitles":["sessionStorage"],"fullName":"sessionStorage formats Basic auth header like Superdesk","status":"passed","title":"formats Basic auth header like Superdesk","duration":1.6548999999999978,"failureMessages":[],"meta":{}},{"ancestorTitles":["sessionStorage"],"fullName":"sessionStorage writes all sess:* keys","status":"passed","title":"writes all sess:* keys","duration":0.36979999999994106,"failureMessages":[],"meta":{}},{"ancestorTitles":["sessionStorage"],"fullName":"sessionStorage clears stale session when token missing but user present","status":"passed","title":"clears stale session when token missing but user present","duration":0.25270000000000437,"failureMessages":[],"meta":{}},{"ancestorTitles":["sessionStorage"],"fullName":"sessionStorage reads session ids from storage","status":"passed","title":"reads session ids from storage","duration":0.2495000000001255,"failureMessages":[],"meta":{}}],"startTime":1779791519326,"endTime":1779791519328.2527,"status":"passed","message":"","name":"C:/Work/Dev-rd/liveblog/client_web2/src/mechanisms/auth-manager/services/sessionStorage.test.ts"},{"assertionResults":[{"ancestorTitles":["blogPermissions"],"fullName":"blogPermissions allows admin full access","status":"passed","title":"allows admin full access","duration":1.0977000000000317,"failureMessages":[],"meta":{}},{"ancestorTitles":["blogPermissions"],"fullName":"blogPermissions allows member to open blog","status":"passed","title":"allows member to open blog","duration":0.22040000000015425,"failureMessages":[],"meta":{}},{"ancestorTitles":["blogPermissions"],"fullName":"blogPermissions denies non-member user","status":"passed","title":"denies non-member user","duration":0.1347000000000662,"failureMessages":[],"meta":{}}],"startTime":1779791519299,"endTime":1779791519300.2205,"status":"passed","message":"","name":"C:/Work/Dev-rd/liveblog/client_web2/src/mechanisms/blog-list-manager/services/blogPermissions.test.ts"},{"assertionResults":[{"ancestorTitles":["blockTransform"],"fullName":"blockTransform converts text blocks to post items","status":"passed","title":"converts text blocks to post items","duration":1.285799999999881,"failureMessages":[],"meta":{}},{"ancestorTitles":["blockTransform"],"fullName":"blockTransform skips empty text blocks","status":"passed","title":"skips empty text blocks","duration":0.6720000000000255,"failureMessages":[],"meta":{}},{"ancestorTitles":["blockTransform"],"fullName":"blockTransform maps poll blocks to post items","status":"passed","title":"maps poll blocks to post items","duration":0.6041000000000167,"failureMessages":[],"meta":{}},{"ancestorTitles":["blockTransform"],"fullName":"blockTransform round-trips text posts to blocks","status":"passed","title":"round-trips text posts to blocks","duration":0.21770000000014988,"failureMessages":[],"meta":{}}],"startTime":1779791519276,"endTime":1779791519279.2178,"status":"passed","message":"","name":"C:/Work/Dev-rd/liveblog/client_web2/src/mechanisms/editor-manager/services/blockTransform.test.ts"},{"assertionResults":[{"ancestorTitles":["parseTheme"],"fullName":"parseTheme parses author string into object","status":"passed","title":"parses author string into object","duration":1.3550000000000182,"failureMessages":[],"meta":{}},{"ancestorTitles":["parseTheme"],"fullName":"parseTheme blocks removal of system themes and parents with children","status":"passed","title":"blocks removal of system themes and parents with children","duration":0.3384000000000924,"failureMessages":[],"meta":{}}],"startTime":1779791519313,"endTime":1779791519315.3384,"status":"passed","message":"","name":"C:/Work/Dev-rd/liveblog/client_web2/src/mechanisms/themes-manager/services/parseTheme.test.ts"},{"assertionResults":[{"ancestorTitles":["themeHierarchy"],"fullName":"themeHierarchy nests child themes under parent extends","status":"passed","title":"nests child themes under parent extends","duration":1.5259000000000924,"failureMessages":[],"meta":{}}],"startTime":1779791519299,"endTime":1779791519300.526,"status":"passed","message":"","name":"C:/Work/Dev-rd/liveblog/client_web2/src/mechanisms/themes-manager/services/themeHierarchy.test.ts"},{"assertionResults":[{"ancestorTitles":["liveblog-api client"],"fullName":"liveblog-api client logs request and response on success","status":"passed","title":"logs request and response on success","duration":4.44809999999984,"failureMessages":[],"meta":{}},{"ancestorTitles":["liveblog-api client"],"fullName":"liveblog-api client throws LiveblogApiError on HTTP error","status":"passed","title":"throws LiveblogApiError on HTTP error","duration":1.8411999999998443,"failureMessages":[],"meta":{}}],"startTime":1779791519322,"endTime":1779791519328.8413,"status":"passed","message":"","name":"C:/Work/Dev-rd/liveblog/client_web2/src/mechanisms/liveblog-api/client.test.ts"},{"assertionResults":[{"ancestorTitles":["detectEmbedProvider"],"fullName":"detectEmbedProvider detects Twitter URLs","status":"passed","title":"detects Twitter URLs","duration":0.9477999999999156,"failureMessages":[],"meta":{}},{"ancestorTitles":["detectEmbedProvider"],"fullName":"detectEmbedProvider detects Facebook URLs","status":"passed","title":"detects Facebook URLs","duration":0.3550999999999931,"failureMessages":[],"meta":{}},{"ancestorTitles":["detectEmbedProvider"],"fullName":"detectEmbedProvider detects image URLs","status":"passed","title":"detects image URLs","duration":0.3930000000000291,"failureMessages":[],"meta":{}},{"ancestorTitles":["detectEmbedProvider"],"fullName":"detectEmbedProvider falls back to generic for unknown hosts","status":"passed","title":"falls back to generic for unknown hosts","duration":0.49759999999992033,"failureMessages":[],"meta":{}}],"startTime":1779791519297,"endTime":1779791519298.4976,"status":"passed","message":"","name":"C:/Work/Dev-rd/liveblog/client_web2/src/mechanisms/editor-manager/subsystems/embed-handlers/detectProvider.test.ts"},{"assertionResults":[{"ancestorTitles":["listBlogs"],"fullName":"listBlogs queries blogs with blog_status where clause","status":"passed","title":"queries blogs with blog_status where clause","duration":5.265299999999797,"failureMessages":[],"meta":{}}],"startTime":1779791519322,"endTime":1779791519327.2654,"status":"passed","message":"","name":"C:/Work/Dev-rd/liveblog/client_web2/src/mechanisms/liveblog-api/endpoints/blogs.test.ts"},{"assertionResults":[{"ancestorTitles":["listBlogPosts"],"fullName":"listBlogPosts queries nested blog posts with source criteria","status":"passed","title":"queries nested blog posts with source criteria","duration":5.0629999999998745,"failureMessages":[],"meta":{}},{"ancestorTitles":["enrichPost"],"fullName":"enrichPost derives mainItem from main group refs","status":"passed","title":"derives mainItem from main group refs","duration":0.4252999999998792,"failureMessages":[],"meta":{}}],"startTime":1779791519389,"endTime":1779791519394.4253,"status":"passed","message":"","name":"C:/Work/Dev-rd/liveblog/client_web2/src/mechanisms/liveblog-api/endpoints/posts.test.ts"},{"assertionResults":[{"ancestorTitles":["buildPostsQueryCriteria"],"fullName":"buildPostsQueryCriteria excludes deleted posts by default","status":"passed","title":"excludes deleted posts by default","duration":1.8052000000000135,"failureMessages":[],"meta":{}},{"ancestorTitles":["buildPostsQueryCriteria"],"fullName":"buildPostsQueryCriteria applies sticky filter when provided","status":"passed","title":"applies sticky filter when provided","duration":0.2700999999999567,"failureMessages":[],"meta":{}},{"ancestorTitles":["comparePostsBySort"],"fullName":"comparePostsBySort sorts editorial descending by order field","status":"passed","title":"sorts editorial descending by order field","duration":0.2966999999998734,"failureMessages":[],"meta":{}}],"startTime":1779791519299,"endTime":1779791519301.2966,"status":"passed","message":"","name":"C:/Work/Dev-rd/liveblog/client_web2/src/mechanisms/liveblog-api/endpoints/postsCriteria.test.ts"},{"assertionResults":[{"ancestorTitles":["pollCalculations"],"fullName":"pollCalculations computes vote percentages","status":"passed","title":"computes vote percentages","duration":1.71120000000019,"failureMessages":[],"meta":{}},{"ancestorTitles":["buildPollActiveUntil"],"fullName":"buildPollActiveUntil returns ISO string in the future","status":"passed","title":"returns ISO string in the future","duration":0.25530000000003383,"failureMessages":[],"meta":{}}],"startTime":1779791519299,"endTime":1779791519301.2554,"status":"passed","message":"","name":"C:/Work/Dev-rd/liveblog/client_web2/src/mechanisms/editor-manager/subsystems/polls/pollCalculations.test.ts"}]}