{"numTotalTestSuites":116,"numPassedTestSuites":116,"numFailedTestSuites":0,"numPendingTestSuites":0,"numTotalTests":148,"numPassedTests":148,"numFailedTests":0,"numPendingTests":0,"numTodoTests":0,"snapshot":{"added":0,"failure":false,"filesAdded":0,"filesRemoved":0,"filesRemovedList":[],"filesUnmatched":0,"filesUpdated":0,"matched":0,"total":0,"unchecked":0,"uncheckedKeysByFile":[],"unmatched":0,"updated":0,"didUpdate":false},"startTime":1779880784000,"success":true,"testResults":[{"assertionResults":[{"ancestorTitles":["LbHeaderWatermark"],"fullName":"LbHeaderWatermark renders repeatable muurpapier tile behind header","status":"passed","title":"renders repeatable muurpapier tile behind header","duration":32.31439999999998,"failureMessages":[],"meta":{}}],"startTime":1779880785837,"endTime":1779880785869.3145,"status":"passed","message":"","name":"C:/Work/Dev-rd/liveblog/client_web2/src/components/layout/LbHeaderWatermark.test.tsx"},{"assertionResults":[{"ancestorTitles":["LbCard"],"fullName":"LbCard renders compound header title and subtitle","status":"passed","title":"renders compound header title and subtitle","duration":29.061699999999973,"failureMessages":[],"meta":{}},{"ancestorTitles":["LbCard"],"fullName":"LbCard renders LbFeatureCard","status":"passed","title":"renders LbFeatureCard","duration":4.2789000000000215,"failureMessages":[],"meta":{}},{"ancestorTitles":["LbCard"],"fullName":"LbCard renders LbPanelCard with actions","status":"passed","title":"renders LbPanelCard with actions","duration":4.781999999999925,"failureMessages":[],"meta":{}}],"startTime":1779880785747,"endTime":1779880785785.782,"status":"passed","message":"","name":"C:/Work/Dev-rd/liveblog/client_web2/src/components/ui/LbCard.test.tsx"},{"assertionResults":[{"ancestorTitles":["resolveFeatureFlags"],"fullName":"resolveFeatureFlags returns env flags when API settings are null","status":"passed","title":"returns env flags when API settings are null","duration":1.4097999999999047,"failureMessages":[],"meta":{}},{"ancestorTitles":["resolveFeatureFlags"],"fullName":"resolveFeatureFlags enables all gated modules on network subscription","status":"passed","title":"enables all gated modules on network subscription","duration":0.28719999999998436,"failureMessages":[],"meta":{}},{"ancestorTitles":["resolveFeatureFlags"],"fullName":"resolveFeatureFlags reads feature map from subscription settings","status":"passed","title":"reads feature map from subscription settings","duration":0.24839999999994689,"failureMessages":[],"meta":{}},{"ancestorTitles":["resolveFeatureFlags"],"fullName":"resolveFeatureFlags falls back to env when feature key missing","status":"passed","title":"falls back to env when feature key missing","duration":0.2841999999998279,"failureMessages":[],"meta":{}},{"ancestorTitles":["getEnvFeatureFlags"],"fullName":"getEnvFeatureFlags returns booleans from import.meta.env","status":"passed","title":"returns booleans from import.meta.env","duration":0.23709999999982756,"failureMessages":[],"meta":{}}],"startTime":1779880787390,"endTime":1779880787392.2842,"status":"passed","message":"","name":"C:/Work/Dev-rd/liveblog/client_web2/src/lib/config/resolveFeatureFlags.test.ts"},{"assertionResults":[{"ancestorTitles":["blog-list-manager constants"],"fullName":"blog-list-manager constants maps routes to tabs","status":"passed","title":"maps routes to tabs","duration":1.1601000000000568,"failureMessages":[],"meta":{}},{"ancestorTitles":["blog-list-manager constants"],"fullName":"blog-list-manager constants defines blog status codes","status":"passed","title":"defines blog status codes","duration":0.23269999999979518,"failureMessages":[],"meta":{}},{"ancestorTitles":["blog-list-manager constants"],"fullName":"blog-list-manager constants filters blogs by search client-side","status":"passed","title":"filters blogs by search client-side","duration":1.9582000000000335,"failureMessages":[],"meta":{}}],"startTime":1779880786948,"endTime":1779880786950.9583,"status":"passed","message":"","name":"C:/Work/Dev-rd/liveblog/client_web2/src/mechanisms/blog-list-manager/constants.test.ts"},{"assertionResults":[{"ancestorTitles":["liveblog-api client"],"fullName":"liveblog-api client logs request and response on success","status":"passed","title":"logs request and response on success","duration":3.540399999999863,"failureMessages":[],"meta":{}},{"ancestorTitles":["liveblog-api client"],"fullName":"liveblog-api client throws LiveblogApiError on HTTP error","status":"passed","title":"throws LiveblogApiError on HTTP error","duration":1.5961999999999534,"failureMessages":[],"meta":{}}],"startTime":1779880785810,"endTime":1779880785814.5962,"status":"passed","message":"","name":"C:/Work/Dev-rd/liveblog/client_web2/src/mechanisms/liveblog-api/client.test.ts"},{"assertionResults":[{"ancestorTitles":["buildPostPatchBody"],"fullName":"buildPostPatchBody omits read-only Eve metadata that causes PATCH 400","status":"passed","title":"omits read-only Eve metadata that causes PATCH 400","duration":1.958699999999908,"failureMessages":[],"meta":{}}],"startTime":1779880787528,"endTime":1779880787529.9587,"status":"passed","message":"","name":"C:/Work/Dev-rd/liveblog/client_web2/src/mechanisms/liveblog-api/postPatch.test.ts"},{"assertionResults":[{"ancestorTitles":["nav-config"],"fullName":"nav-config resolves route titles","status":"passed","title":"resolves route titles","duration":1.3317999999999302,"failureMessages":[],"meta":{}},{"ancestorTitles":["nav-config"],"fullName":"nav-config returns sub-nav for liveblog and settings","status":"passed","title":"returns sub-nav for liveblog and settings","duration":0.3405999999999949,"failureMessages":[],"meta":{}},{"ancestorTitles":["nav-config"],"fullName":"nav-config hides sub-nav on editor and blog settings routes","status":"passed","title":"hides sub-nav on editor and blog settings routes","duration":0.12460000000010041,"failureMessages":[],"meta":{}},{"ancestorTitles":["nav-config"],"fullName":"nav-config filters feature-flag admin items when expansion nav is enabled","status":"passed","title":"filters feature-flag admin items when expansion nav is enabled","duration":0.1792000000000371,"failureMessages":[],"meta":{}},{"ancestorTitles":["nav-config"],"fullName":"nav-config hides post-launch expansion admin nav by default","status":"passed","title":"hides post-launch expansion admin nav by default","duration":0.7307999999998174,"failureMessages":[],"meta":{}},{"ancestorTitles":["nav-config"],"fullName":"nav-config hides global_preferences admin items without privilege","status":"passed","title":"hides global_preferences admin items without privilege","duration":0.17150000000015098,"failureMessages":[],"meta":{}}],"startTime":1779880787686,"endTime":1779880787689.1714,"status":"passed","message":"","name":"C:/Work/Dev-rd/liveblog/client_web2/src/mechanisms/navigation-manager/nav-config.test.ts"},{"assertionResults":[{"ancestorTitles":["request-logger"],"fullName":"request-logger caps history at 200 entries","status":"passed","title":"caps history at 200 entries","duration":8.261999999999944,"failureMessages":[],"meta":{}},{"ancestorTitles":["request-logger"],"fullName":"request-logger returns newest-first order","status":"passed","title":"returns newest-first order","duration":0.6346999999998388,"failureMessages":[],"meta":{}},{"ancestorTitles":["request-logger"],"fullName":"request-logger links request id to response entry","status":"passed","title":"links request id to response entry","duration":0.36560000000008586,"failureMessages":[],"meta":{}},{"ancestorTitles":["request-logger"],"fullName":"request-logger records error direction","status":"passed","title":"records error direction","duration":0.4214999999999236,"failureMessages":[],"meta":{}},{"ancestorTitles":["request-logger"],"fullName":"request-logger clears history","status":"passed","title":"clears history","duration":0.4213999999999487,"failureMessages":[],"meta":{}}],"startTime":1779880785761,"endTime":1779880785771.4214,"status":"passed","message":"","name":"C:/Work/Dev-rd/liveblog/client_web2/src/mechanisms/request-logger/logger.test.ts"},{"assertionResults":[{"ancestorTitles":["settings-manager types"],"fullName":"settings-manager types maps API preferences into form defaults","status":"passed","title":"maps API preferences into form defaults","duration":1.5719000000001415,"failureMessages":[],"meta":{}},{"ancestorTitles":["settings-manager types"],"fullName":"settings-manager types builds patch list for all allowed keys","status":"passed","title":"builds patch list for all allowed keys","duration":1.5206000000000586,"failureMessages":[],"meta":{}}],"startTime":1779880785821,"endTime":1779880785823.5205,"status":"passed","message":"","name":"C:/Work/Dev-rd/liveblog/client_web2/src/mechanisms/settings-manager/types.test.ts"},{"assertionResults":[{"ancestorTitles":["wsManager"],"fullName":"wsManager transitions to connected and emits Connected","status":"passed","title":"transitions to connected and emits Connected","duration":5.879200000000083,"failureMessages":[],"meta":{}},{"ancestorTitles":["wsManager"],"fullName":"wsManager dispatches server messages to typed subscribers","status":"passed","title":"dispatches server messages to typed subscribers","duration":2.2187999999998738,"failureMessages":[],"meta":{}},{"ancestorTitles":["wsManager"],"fullName":"wsManager does not spuriously disconnect on repeated connect()","status":"passed","title":"does not spuriously disconnect on repeated connect()","duration":1.15099999999984,"failureMessages":[],"meta":{}},{"ancestorTitles":["wsManager"],"fullName":"wsManager reconnects once after server close (no 5s loop)","status":"passed","title":"reconnects once after server close (no 5s loop)","duration":4.74330000000009,"failureMessages":[],"meta":{}},{"ancestorTitles":["wsManager"],"fullName":"wsManager unsubscribes handlers","status":"passed","title":"unsubscribes handlers","duration":1.0007999999997992,"failureMessages":[],"meta":{}}],"startTime":1779880785905,"endTime":1779880785920.0007,"status":"passed","message":"","name":"C:/Work/Dev-rd/liveblog/client_web2/src/mechanisms/websocket-manager/manager.test.ts"},{"assertionResults":[{"ancestorTitles":["createSuperdeskWsClient"],"fullName":"createSuperdeskWsClient parses { event, extra } JSON payloads","status":"passed","title":"parses { event, extra } JSON payloads","duration":5.179399999999987,"failureMessages":[],"meta":{}}],"startTime":1779880785810,"endTime":1779880785815.1794,"status":"passed","message":"","name":"C:/Work/Dev-rd/liveblog/client_web2/src/mechanisms/websocket-manager/wamp-client.test.ts"},{"assertionResults":[{"ancestorTitles":["uniqueNameInItems"],"fullName":"uniqueNameInItems allows same name when editing same item","status":"passed","title":"allows same name when editing same item","duration":0.8824000000000751,"failureMessages":[],"meta":{}},{"ancestorTitles":["uniqueNameInItems"],"fullName":"uniqueNameInItems rejects duplicate for new item","status":"passed","title":"rejects duplicate for new item","duration":0.15350000000000819,"failureMessages":[],"meta":{}}],"startTime":1779880788371,"endTime":1779880788372.1536,"status":"passed","message":"","name":"C:/Work/Dev-rd/liveblog/client_web2/src/mechanisms/advertising-manager/utils/uniqueName.test.ts"},{"assertionResults":[{"ancestorTitles":["buildAnalyticsCsv"],"fullName":"buildAnalyticsCsv joins blog_id, context_url, hits per row","status":"passed","title":"joins blog_id, context_url, hits per row","duration":0.9454000000000633,"failureMessages":[],"meta":{}}],"startTime":1779880788374,"endTime":1779880788374.9453,"status":"passed","message":"","name":"C:/Work/Dev-rd/liveblog/client_web2/src/mechanisms/analytics-manager/utils/exportCsv.test.ts"},{"assertionResults":[{"ancestorTitles":["privileges"],"fullName":"privileges treats administrator as having all privileges","status":"passed","title":"treats administrator as having all privileges","duration":1.5996999999999844,"failureMessages":[],"meta":{}},{"ancestorTitles":["privileges"],"fullName":"privileges checks role privileges for non-admin users","status":"passed","title":"checks role privileges for non-admin users","duration":0.3554999999998927,"failureMessages":[],"meta":{}}],"startTime":1779880787776,"endTime":1779880787778.3555,"status":"passed","message":"","name":"C:/Work/Dev-rd/liveblog/client_web2/src/mechanisms/auth-manager/services/privileges.test.ts"},{"assertionResults":[{"ancestorTitles":["sessionStorage"],"fullName":"sessionStorage formats Basic auth header like Superdesk","status":"passed","title":"formats Basic auth header like Superdesk","duration":1.3573999999998705,"failureMessages":[],"meta":{}},{"ancestorTitles":["sessionStorage"],"fullName":"sessionStorage writes all sess:* keys","status":"passed","title":"writes all sess:* keys","duration":0.3949000000000069,"failureMessages":[],"meta":{}},{"ancestorTitles":["sessionStorage"],"fullName":"sessionStorage clears stale session when token missing but user present","status":"passed","title":"clears stale session when token missing but user present","duration":0.2907999999999902,"failureMessages":[],"meta":{}},{"ancestorTitles":["sessionStorage"],"fullName":"sessionStorage reads session ids from storage","status":"passed","title":"reads session ids from storage","duration":0.29490000000009786,"failureMessages":[],"meta":{}}],"startTime":1779880787555,"endTime":1779880787557.295,"status":"passed","message":"","name":"C:/Work/Dev-rd/liveblog/client_web2/src/mechanisms/auth-manager/services/sessionStorage.test.ts"},{"assertionResults":[{"ancestorTitles":["blogPermissions"],"fullName":"blogPermissions allows admin full access","status":"passed","title":"allows admin full access","duration":1.3052000000000135,"failureMessages":[],"meta":{}},{"ancestorTitles":["blogPermissions"],"fullName":"blogPermissions allows member to open blog","status":"passed","title":"allows member to open blog","duration":0.24900000000002365,"failureMessages":[],"meta":{}},{"ancestorTitles":["blogPermissions"],"fullName":"blogPermissions denies non-member user","status":"passed","title":"denies non-member user","duration":0.18389999999999418,"failureMessages":[],"meta":{}}],"startTime":1779880787546,"endTime":1779880787547.3052,"status":"passed","message":"","name":"C:/Work/Dev-rd/liveblog/client_web2/src/mechanisms/blog-list-manager/services/blogPermissions.test.ts"},{"assertionResults":[{"ancestorTitles":["freetypeTemplate"],"fullName":"freetypeTemplate extracts text fields from name/text attributes","status":"passed","title":"extracts text fields from name/text attributes","duration":2.2871000000000095,"failureMessages":[],"meta":{}},{"ancestorTitles":["freetypeTemplate"],"fullName":"freetypeTemplate getPathValue and setPathValue handle nested paths","status":"passed","title":"getPathValue and setPathValue handle nested paths","duration":0.42170000000010077,"failureMessages":[],"meta":{}},{"ancestorTitles":["freetypeTemplate"],"fullName":"freetypeTemplate renderFreetypeHtml substitutes text fields","status":"passed","title":"renderFreetypeHtml substitutes text fields","duration":1.0062000000000353,"failureMessages":[],"meta":{}},{"ancestorTitles":["freetypeTemplate"],"fullName":"freetypeTemplate freetypeDataToPostItem sets group_type freetype","status":"passed","title":"freetypeDataToPostItem sets group_type freetype","duration":0.42039999999997235,"failureMessages":[],"meta":{}}],"startTime":1779880785796,"endTime":1779880785800.4204,"status":"passed","message":"","name":"C:/Work/Dev-rd/liveblog/client_web2/src/mechanisms/freetypes-manager/utils/freetypeTemplate.test.ts"},{"assertionResults":[{"ancestorTitles":["validateFreetypeTemplate"],"fullName":"validateFreetypeTemplate requires at least one $variable","status":"passed","title":"requires at least one $variable","duration":1.3535000000001673,"failureMessages":[],"meta":{}},{"ancestorTitles":["validateFreetypeName"],"fullName":"validateFreetypeName rejects duplicate names","status":"passed","title":"rejects duplicate names","duration":0.24559999999996762,"failureMessages":[],"meta":{}}],"startTime":1779880787529,"endTime":1779880787531.2456,"status":"passed","message":"","name":"C:/Work/Dev-rd/liveblog/client_web2/src/mechanisms/freetypes-manager/utils/validateFreetype.test.ts"},{"assertionResults":[{"ancestorTitles":["EditorViewModeSwitch"],"fullName":"EditorViewModeSwitch calls onChange when a mode is selected","status":"passed","title":"calls onChange when a mode is selected","duration":32.65499999999997,"failureMessages":[],"meta":{}}],"startTime":1779880785897,"endTime":1779880785929.655,"status":"passed","message":"","name":"C:/Work/Dev-rd/liveblog/client_web2/src/mechanisms/editor-manager/components/EditorViewModeSwitch.test.tsx"},{"assertionResults":[{"ancestorTitles":["PostCard"],"fullName":"PostCard renders pin, highlight, edit and delete icon actions in the header toolbar","status":"passed","title":"renders pin, highlight, edit and delete icon actions in the header toolbar","duration":40.96250000000009,"failureMessages":[],"meta":{}},{"ancestorTitles":["PostCard"],"fullName":"PostCard shows publish icon when post is not open","status":"passed","title":"shows publish icon when post is not open","duration":9.62689999999975,"failureMessages":[],"meta":{}},{"ancestorTitles":["PostCard"],"fullName":"PostCard does not render a footer action row","status":"passed","title":"does not render a footer action row","duration":2.9663000000000466,"failureMessages":[],"meta":{}}],"startTime":1779880786375,"endTime":1779880786428.9663,"status":"passed","message":"","name":"C:/Work/Dev-rd/liveblog/client_web2/src/mechanisms/editor-manager/components/PostCard.test.tsx"},{"assertionResults":[{"ancestorTitles":["blogToGeneralForm"],"fullName":"blogToGeneralForm maps blog_preferences settings fields into the form","status":"passed","title":"maps blog_preferences settings fields into the form","duration":2.605799999999931,"failureMessages":[],"meta":{}}],"startTime":1779880788481,"endTime":1779880788483.6057,"status":"passed","message":"","name":"C:/Work/Dev-rd/liveblog/client_web2/src/mechanisms/editor-manager/hooks/useBlogGeneralSettings.test.ts"},{"assertionResults":[{"ancestorTitles":["useTimeline"],"fullName":"useTimeline does not filter by sticky by default (shows main timeline posts)","status":"passed","title":"does not filter by sticky by default (shows main timeline posts)","duration":101.3452000000002,"failureMessages":[],"meta":{}},{"ancestorTitles":["useTimeline"],"fullName":"useTimeline can request pinned posts only when sticky is true","status":"passed","title":"can request pinned posts only when sticky is true","duration":10.953899999999976,"failureMessages":[],"meta":{}}],"startTime":1779880786239,"endTime":1779880786351.9539,"status":"passed","message":"","name":"C:/Work/Dev-rd/liveblog/client_web2/src/mechanisms/editor-manager/hooks/useTimeline.test.ts"},{"assertionResults":[{"ancestorTitles":["postIdFromNotification"],"fullName":"postIdFromNotification reads post_id from delete notifications","status":"passed","title":"reads post_id from delete notifications","duration":1.1404999999999745,"failureMessages":[],"meta":{}},{"ancestorTitles":["applyPostsNotification"],"fullName":"applyPostsNotification removes posts on deleted without refetching the timeline","status":"passed","title":"removes posts on deleted without refetching the timeline","duration":2.547900000000027,"failureMessages":[],"meta":{}},{"ancestorTitles":["applyPostsNotification"],"fullName":"applyPostsNotification updates posts in place on updated notifications","status":"passed","title":"updates posts in place on updated notifications","duration":0.8098999999999705,"failureMessages":[],"meta":{}}],"startTime":1779880786215,"endTime":1779880786219.8098,"status":"passed","message":"","name":"C:/Work/Dev-rd/liveblog/client_web2/src/mechanisms/editor-manager/services/applyPostsNotification.test.ts"},{"assertionResults":[{"ancestorTitles":["blockTransform rich text"],"fullName":"blockTransform rich text treats empty HTML as empty block","status":"passed","title":"treats empty HTML as empty block","duration":2.684300000000121,"failureMessages":[],"meta":{}},{"ancestorTitles":["blockTransform rich text"],"fullName":"blockTransform rich text keeps non-empty HTML text items","status":"passed","title":"keeps non-empty HTML text items","duration":0.44049999999992906,"failureMessages":[],"meta":{}}],"startTime":1779880787689,"endTime":1779880787692.4404,"status":"passed","message":"","name":"C:/Work/Dev-rd/liveblog/client_web2/src/mechanisms/editor-manager/services/blockTransform.richText.test.ts"},{"assertionResults":[{"ancestorTitles":["blockTransform"],"fullName":"blockTransform converts text blocks to post items","status":"passed","title":"converts text blocks to post items","duration":2.2233000000001084,"failureMessages":[],"meta":{}},{"ancestorTitles":["blockTransform"],"fullName":"blockTransform skips empty text blocks","status":"passed","title":"skips empty text blocks","duration":0.8691000000003442,"failureMessages":[],"meta":{}},{"ancestorTitles":["blockTransform"],"fullName":"blockTransform isBlockEmpty matches blocksToPostItems filtering","status":"passed","title":"isBlockEmpty matches blocksToPostItems filtering","duration":0.5520000000001346,"failureMessages":[],"meta":{}},{"ancestorTitles":["blockTransform"],"fullName":"blockTransform maps poll blocks to post items","status":"passed","title":"maps poll blocks to post items","duration":0.7687999999998283,"failureMessages":[],"meta":{}},{"ancestorTitles":["blockTransform"],"fullName":"blockTransform persists resolved embed meta and html","status":"passed","title":"persists resolved embed meta and html","duration":2.296299999999974,"failureMessages":[],"meta":{}},{"ancestorTitles":["blockTransform"],"fullName":"blockTransform round-trips embed posts to blocks","status":"passed","title":"round-trips embed posts to blocks","duration":0.9103000000000065,"failureMessages":[],"meta":{}},{"ancestorTitles":["blockTransform"],"fullName":"blockTransform round-trips text posts to blocks","status":"passed","title":"round-trips text posts to blocks","duration":0.15399999999999636,"failureMessages":[],"meta":{}},{"ancestorTitles":["blockTransform"],"fullName":"blockTransform detects freetype field content","status":"passed","title":"detects freetype field content","duration":0.9243000000001302,"failureMessages":[],"meta":{}},{"ancestorTitles":["blockTransform"],"fullName":"blockTransform maps image blocks to post items","status":"passed","title":"maps image blocks to post items","duration":0.2903000000001157,"failureMessages":[],"meta":{}},{"ancestorTitles":["blockTransform"],"fullName":"blockTransform round-trips image posts to blocks","status":"passed","title":"round-trips image posts to blocks","duration":0.14550000000008367,"failureMessages":[],"meta":{}},{"ancestorTitles":["blockTransform"],"fullName":"blockTransform loads freetype posts for editor","status":"passed","title":"loads freetype posts for editor","duration":0.2584999999999127,"failureMessages":[],"meta":{}}],"startTime":1779880786375,"endTime":1779880786385.2585,"status":"passed","message":"","name":"C:/Work/Dev-rd/liveblog/client_web2/src/mechanisms/editor-manager/services/blockTransform.test.ts"},{"assertionResults":[{"ancestorTitles":["blogEmbedCode"],"fullName":"blogEmbedCode uses public_url when present","status":"passed","title":"uses public_url when present","duration":1.2309000000000196,"failureMessages":[],"meta":{}},{"ancestorTitles":["blogEmbedCode"],"fullName":"blogEmbedCode builds responsive and normal snippets","status":"passed","title":"builds responsive and normal snippets","duration":0.4906999999998334,"failureMessages":[],"meta":{}}],"startTime":1779880787555,"endTime":1779880787556.4907,"status":"passed","message":"","name":"C:/Work/Dev-rd/liveblog/client_web2/src/mechanisms/editor-manager/services/blogEmbedCode.test.ts"},{"assertionResults":[{"ancestorTitles":["blogPreferenceKeys"],"fullName":"blogPreferenceKeys treats language and embed height as settings keys","status":"passed","title":"treats language and embed height as settings keys","duration":1.052599999999984,"failureMessages":[],"meta":{}},{"ancestorTitles":["blogPreferenceKeys"],"fullName":"blogPreferenceKeys does not treat custom freetype keys as settings keys","status":"passed","title":"does not treat custom freetype keys as settings keys","duration":0.13909999999987122,"failureMessages":[],"meta":{}}],"startTime":1779880788167,"endTime":1779880788168.1392,"status":"passed","message":"","name":"C:/Work/Dev-rd/liveblog/client_web2/src/mechanisms/editor-manager/services/blogPreferenceKeys.test.ts"},{"assertionResults":[{"ancestorTitles":["resolveBlogThemePreviewUrl"],"fullName":"resolveBlogThemePreviewUrl falls back to embed path from blog id","status":"passed","title":"falls back to embed path from blog id","duration":1.4939999999999145,"failureMessages":[],"meta":{}},{"ancestorTitles":["resolveBlogThemePreviewUrl"],"fullName":"resolveBlogThemePreviewUrl uses public_url path in dev when embed path","status":"passed","title":"uses public_url path in dev when embed path","duration":0.5721000000000913,"failureMessages":[],"meta":{}}],"startTime":1779880787900,"endTime":1779880787902.572,"status":"passed","message":"","name":"C:/Work/Dev-rd/liveblog/client_web2/src/mechanisms/editor-manager/services/blogPreviewUrl.test.ts"},{"assertionResults":[{"ancestorTitles":["blogSecurity"],"fullName":"blogSecurity allows admin members to access blog settings","status":"passed","title":"allows admin members to access blog settings","duration":1.1076000000000477,"failureMessages":[],"meta":{}},{"ancestorTitles":["blogSecurity"],"fullName":"blogSecurity denies non-member users blog settings","status":"passed","title":"denies non-member users blog settings","duration":0.195699999999988,"failureMessages":[],"meta":{}},{"ancestorTitles":["blogSecurity"],"fullName":"blogSecurity allows blog members to publish posts","status":"passed","title":"allows blog members to publish posts","duration":0.25939999999991414,"failureMessages":[],"meta":{}}],"startTime":1779880787892,"endTime":1779880787893.2595,"status":"passed","message":"","name":"C:/Work/Dev-rd/liveblog/client_web2/src/mechanisms/editor-manager/services/blogSecurity.test.ts"},{"assertionResults":[{"ancestorTitles":["composerPreview"],"fullName":"composerPreview maps composer blocks to preview items","status":"passed","title":"maps composer blocks to preview items","duration":2.326000000000022,"failureMessages":[],"meta":{}},{"ancestorTitles":["composerPreview"],"fullName":"composerPreview returns empty list when draft has no content","status":"passed","title":"returns empty list when draft has no content","duration":0.4072999999998501,"failureMessages":[],"meta":{}},{"ancestorTitles":["composerPreview"],"fullName":"composerPreview falls back author label","status":"passed","title":"falls back author label","duration":0.24509999999986576,"failureMessages":[],"meta":{}}],"startTime":1779880787687,"endTime":1779880787690.4072,"status":"passed","message":"","name":"C:/Work/Dev-rd/liveblog/client_web2/src/mechanisms/editor-manager/services/composerPreview.test.ts"},{"assertionResults":[{"ancestorTitles":["composerSchedule"],"fullName":"composerSchedule detects future published_date as scheduled","status":"passed","title":"detects future published_date as scheduled","duration":1.641300000000001,"failureMessages":[],"meta":{}},{"ancestorTitles":["composerSchedule"],"fullName":"composerSchedule buildPublishSchedulePatch uses future date when scheduling","status":"passed","title":"buildPublishSchedulePatch uses future date when scheduling","duration":0.27880000000004657,"failureMessages":[],"meta":{}},{"ancestorTitles":["composerSchedule"],"fullName":"composerSchedule buildPublishSchedulePatch publishes now when not scheduling","status":"passed","title":"buildPublishSchedulePatch publishes now when not scheduling","duration":0.1693000000000211,"failureMessages":[],"meta":{}},{"ancestorTitles":["composerSchedule"],"fullName":"composerSchedule round-trips datetime-local","status":"passed","title":"round-trips datetime-local","duration":0.12560000000007676,"failureMessages":[],"meta":{}}],"startTime":1779880787409,"endTime":1779880787411.1692,"status":"passed","message":"","name":"C:/Work/Dev-rd/liveblog/client_web2/src/mechanisms/editor-manager/services/composerSchedule.test.ts"},{"assertionResults":[{"ancestorTitles":["deviceViewports"],"fullName":"deviceViewports has realistic iPhone portrait dimensions","status":"passed","title":"has realistic iPhone portrait dimensions","duration":1.8034000000000106,"failureMessages":[],"meta":{}},{"ancestorTitles":["deviceViewports"],"fullName":"deviceViewports swaps dimensions for phone landscape","status":"passed","title":"swaps dimensions for phone landscape","duration":0.3160000000000309,"failureMessages":[],"meta":{}},{"ancestorTitles":["deviceViewports"],"fullName":"deviceViewports caps visible height on phone","status":"passed","title":"caps visible height on phone","duration":0.23040000000014516,"failureMessages":[],"meta":{}},{"ancestorTitles":["deviceViewports"],"fullName":"deviceViewports includes phone chrome in outer size","status":"passed","title":"includes phone chrome in outer size","duration":0.18229999999994106,"failureMessages":[],"meta":{}},{"ancestorTitles":["deviceViewports"],"fullName":"deviceViewports scaleDeviceFrame matches outer size at scale 1","status":"passed","title":"scaleDeviceFrame matches outer size at scale 1","duration":0.18240000000014334,"failureMessages":[],"meta":{}},{"ancestorTitles":["deviceViewports"],"fullName":"deviceViewports scales down when host is smaller than device","status":"passed","title":"scales down when host is smaller than device","duration":0.25,"failureMessages":[],"meta":{}}],"startTime":1779880787388,"endTime":1779880787391.25,"status":"passed","message":"","name":"C:/Work/Dev-rd/liveblog/client_web2/src/mechanisms/editor-manager/services/deviceViewports.test.ts"},{"assertionResults":[{"ancestorTitles":["findPostIdInArticle"],"fullName":"findPostIdInArticle reads id from permalink anchor","status":"passed","title":"reads id from permalink anchor","duration":6.224300000000085,"failureMessages":[],"meta":{}},{"ancestorTitles":["findPostIdInArticle"],"fullName":"findPostIdInArticle returns null when id is too short","status":"passed","title":"returns null when id is too short","duration":0.9019000000000688,"failureMessages":[],"meta":{}},{"ancestorTitles":["syncEmbedEditorTools"],"fullName":"syncEmbedEditorTools injects toolbar with edit action","status":"passed","title":"injects toolbar with edit action","duration":14.121200000000044,"failureMessages":[],"meta":{}}],"startTime":1779880785563,"endTime":1779880785584.121,"status":"passed","message":"","name":"C:/Work/Dev-rd/liveblog/client_web2/src/mechanisms/editor-manager/services/previewEmbedBridge.test.ts"},{"assertionResults":[{"ancestorTitles":["normalizeThemeAssetUrl"],"fullName":"normalizeThemeAssetUrl rewrites localhost theme paths to same-origin in dev","status":"passed","title":"rewrites localhost theme paths to same-origin in dev","duration":1.41150000000016,"failureMessages":[],"meta":{}},{"ancestorTitles":["normalizeThemeAssetUrl"],"fullName":"normalizeThemeAssetUrl keeps relative theme paths in dev","status":"passed","title":"keeps relative theme paths in dev","duration":0.3769999999999527,"failureMessages":[],"meta":{}},{"ancestorTitles":["resolveThemeChain"],"fullName":"resolveThemeChain orders parent before child","status":"passed","title":"orders parent before child","duration":0.6569999999999254,"failureMessages":[],"meta":{}},{"ancestorTitles":["buildThemeStylesheetUrls"],"fullName":"buildThemeStylesheetUrls includes parent and child stylesheets","status":"passed","title":"includes parent and child stylesheets","duration":0.4773000000000138,"failureMessages":[],"meta":{}}],"startTime":1779880786925,"endTime":1779880786927.657,"status":"passed","message":"","name":"C:/Work/Dev-rd/liveblog/client_web2/src/mechanisms/editor-manager/services/themeAssets.test.ts"},{"assertionResults":[{"ancestorTitles":["listBlogs"],"fullName":"listBlogs queries blogs with blog_status where clause","status":"passed","title":"queries blogs with blog_status where clause","duration":5.09050000000002,"failureMessages":[],"meta":{}},{"ancestorTitles":["updateBlog"],"fullName":"updateBlog PATCHes only patch fields and required ids, not Eve metadata","status":"passed","title":"PATCHes only patch fields and required ids, not Eve metadata","duration":2.6998000000000957,"failureMessages":[],"meta":{}}],"startTime":1779880785809,"endTime":1779880785817.6997,"status":"passed","message":"","name":"C:/Work/Dev-rd/liveblog/client_web2/src/mechanisms/liveblog-api/endpoints/blogs.test.ts"},{"assertionResults":[{"ancestorTitles":["listBlogPosts"],"fullName":"listBlogPosts queries nested blog posts with source criteria","status":"passed","title":"queries nested blog posts with source criteria","duration":5.353599999999915,"failureMessages":[],"meta":{}},{"ancestorTitles":["postsItemPath"],"fullName":"postsItemPath encodes URN post ids for PATCH","status":"passed","title":"encodes URN post ids for PATCH","duration":0.4819999999999709,"failureMessages":[],"meta":{}},{"ancestorTitles":["savePost"],"fullName":"savePost PATCH strips read-only Eve fields","status":"passed","title":"PATCH strips read-only Eve fields","duration":1.8267000000000735,"failureMessages":[],"meta":{}},{"ancestorTitles":["enrichPost"],"fullName":"enrichPost derives mainItem from main group refs","status":"passed","title":"derives mainItem from main group refs","duration":0.31379999999990105,"failureMessages":[],"meta":{}}],"startTime":1779880785988,"endTime":1779880785996.3137,"status":"passed","message":"","name":"C:/Work/Dev-rd/liveblog/client_web2/src/mechanisms/liveblog-api/endpoints/posts.test.ts"},{"assertionResults":[{"ancestorTitles":["buildPostsQueryCriteria"],"fullName":"buildPostsQueryCriteria excludes deleted posts by default","status":"passed","title":"excludes deleted posts by default","duration":1.889599999999973,"failureMessages":[],"meta":{}},{"ancestorTitles":["buildPostsQueryCriteria"],"fullName":"buildPostsQueryCriteria applies sticky filter when provided","status":"passed","title":"applies sticky filter when provided","duration":0.29920000000015534,"failureMessages":[],"meta":{}},{"ancestorTitles":["comparePostsBySort"],"fullName":"comparePostsBySort sorts editorial descending by order field","status":"passed","title":"sorts editorial descending by order field","duration":0.3322000000000571,"failureMessages":[],"meta":{}}],"startTime":1779880785797,"endTime":1779880785799.3323,"status":"passed","message":"","name":"C:/Work/Dev-rd/liveblog/client_web2/src/mechanisms/liveblog-api/endpoints/postsCriteria.test.ts"},{"assertionResults":[{"ancestorTitles":["afrikaanseDatum"],"fullName":"afrikaanseDatum formats a known date in Afrikaans","status":"passed","title":"formats a known date in Afrikaans","duration":1.7524999999998272,"failureMessages":[],"meta":{}}],"startTime":1779880787898,"endTime":1779880787899.7524,"status":"passed","message":"","name":"C:/Work/Dev-rd/liveblog/client_web2/src/mechanisms/navigation-manager/utils/afrikaanseDatum.test.ts"},{"assertionResults":[{"ancestorTitles":["splitBlogsByStartDate"],"fullName":"splitBlogsByStartDate splits by start_date vs now","status":"passed","title":"splits by start_date vs now","duration":2.7308000000000447,"failureMessages":[],"meta":{}}],"startTime":1779880787297,"endTime":1779880787299.7307,"status":"passed","message":"","name":"C:/Work/Dev-rd/liveblog/client_web2/src/mechanisms/marketplace-manager/utils/splitBlogsByDate.test.ts"},{"assertionResults":[{"ancestorTitles":["TagsManager"],"fullName":"TagsManager adds a tag via Enter and via button","status":"passed","title":"adds a tag via Enter and via button","duration":46.5320999999999,"failureMessages":[],"meta":{}},{"ancestorTitles":["TagsManager"],"fullName":"TagsManager does not add duplicates","status":"passed","title":"does not add duplicates","duration":5.467600000000175,"failureMessages":[],"meta":{}}],"startTime":1779880785796,"endTime":1779880785848.4675,"status":"passed","message":"","name":"C:/Work/Dev-rd/liveblog/client_web2/src/mechanisms/settings-manager/components/TagsManager.test.tsx"},{"assertionResults":[{"ancestorTitles":["parseTheme"],"fullName":"parseTheme parses author string into object","status":"passed","title":"parses author string into object","duration":1.5445999999999458,"failureMessages":[],"meta":{}},{"ancestorTitles":["parseTheme"],"fullName":"parseTheme blocks removal of system themes and parents with children","status":"passed","title":"blocks removal of system themes and parents with children","duration":0.4178999999999178,"failureMessages":[],"meta":{}}],"startTime":1779880787554,"endTime":1779880787556.418,"status":"passed","message":"","name":"C:/Work/Dev-rd/liveblog/client_web2/src/mechanisms/themes-manager/services/parseTheme.test.ts"},{"assertionResults":[{"ancestorTitles":["themeHierarchy"],"fullName":"themeHierarchy nests child themes under parent extends","status":"passed","title":"nests child themes under parent extends","duration":1.7191000000000258,"failureMessages":[],"meta":{}}],"startTime":1779880787692,"endTime":1779880787693.719,"status":"passed","message":"","name":"C:/Work/Dev-rd/liveblog/client_web2/src/mechanisms/themes-manager/services/themeHierarchy.test.ts"},{"assertionResults":[{"ancestorTitles":["themeUtils"],"fullName":"themeUtils applies option defaults when setting missing","status":"passed","title":"applies option defaults when setting missing","duration":1.1697999999998956,"failureMessages":[],"meta":{}},{"ancestorTitles":["themeUtils"],"fullName":"themeUtils checks dependsOn requirements","status":"passed","title":"checks dependsOn requirements","duration":0.24090000000001055,"failureMessages":[],"meta":{}}],"startTime":1779880788209,"endTime":1779880788211.241,"status":"passed","message":"","name":"C:/Work/Dev-rd/liveblog/client_web2/src/mechanisms/themes-manager/services/themeUtils.test.ts"},{"assertionResults":[{"ancestorTitles":["detectEmbedProvider"],"fullName":"detectEmbedProvider detects Twitter URLs","status":"passed","title":"detects Twitter URLs","duration":1.4650000000001455,"failureMessages":[],"meta":{}},{"ancestorTitles":["detectEmbedProvider"],"fullName":"detectEmbedProvider detects Facebook URLs","status":"passed","title":"detects Facebook URLs","duration":0.5139999999998963,"failureMessages":[],"meta":{}},{"ancestorTitles":["detectEmbedProvider"],"fullName":"detectEmbedProvider detects image URLs","status":"passed","title":"detects image URLs","duration":0.310399999999845,"failureMessages":[],"meta":{}},{"ancestorTitles":["detectEmbedProvider"],"fullName":"detectEmbedProvider falls back to generic for unknown hosts","status":"passed","title":"falls back to generic for unknown hosts","duration":0.45259999999984757,"failureMessages":[],"meta":{}}],"startTime":1779880785794,"endTime":1779880785797.4526,"status":"passed","message":"","name":"C:/Work/Dev-rd/liveblog/client_web2/src/mechanisms/editor-manager/subsystems/embed-handlers/detectProvider.test.ts"},{"assertionResults":[{"ancestorTitles":["resolveEmbed"],"fullName":"resolveEmbed returns raw HTML for embed code input","status":"passed","title":"returns raw HTML for embed code input","duration":5.1590000000001055,"failureMessages":[],"meta":{}},{"ancestorTitles":["resolveEmbed"],"fullName":"resolveEmbed uses twitter handler for twitter URLs","status":"passed","title":"uses twitter handler for twitter URLs","duration":2.4709000000000287,"failureMessages":[],"meta":{}},{"ancestorTitles":["resolveEmbed"],"fullName":"resolveEmbed falls back to iframely for generic URLs","status":"passed","title":"falls back to iframely for generic URLs","duration":1.2084999999999582,"failureMessages":[],"meta":{}}],"startTime":1779880786082,"endTime":1779880786091.2085,"status":"passed","message":"","name":"C:/Work/Dev-rd/liveblog/client_web2/src/mechanisms/editor-manager/subsystems/embed-handlers/resolveEmbed.test.ts"},{"assertionResults":[{"ancestorTitles":["pollCalculations"],"fullName":"pollCalculations computes vote percentages","status":"passed","title":"computes vote percentages","duration":1.686100000000124,"failureMessages":[],"meta":{}},{"ancestorTitles":["buildPollActiveUntil"],"fullName":"buildPollActiveUntil returns ISO string in the future","status":"passed","title":"returns ISO string in the future","duration":0.3768999999999778,"failureMessages":[],"meta":{}}],"startTime":1779880787411,"endTime":1779880787413.377,"status":"passed","message":"","name":"C:/Work/Dev-rd/liveblog/client_web2/src/mechanisms/editor-manager/subsystems/polls/pollCalculations.test.ts"},{"assertionResults":[{"ancestorTitles":["richTextHtml"],"fullName":"richTextHtml detects HTML content","status":"passed","title":"detects HTML content","duration":1.6877999999999247,"failureMessages":[],"meta":{}},{"ancestorTitles":["richTextHtml"],"fullName":"richTextHtml treats empty html as empty","status":"passed","title":"treats empty html as empty","duration":0.43630000000007385,"failureMessages":[],"meta":{}},{"ancestorTitles":["richTextHtml"],"fullName":"richTextHtml normalizes empty to empty string","status":"passed","title":"normalizes empty to empty string","duration":0.16899999999986903,"failureMessages":[],"meta":{}}],"startTime":1779880787266,"endTime":1779880787268.169,"status":"passed","message":"","name":"C:/Work/Dev-rd/liveblog/client_web2/src/mechanisms/editor-manager/subsystems/rich-text-editor/richTextHtml.test.ts"},{"assertionResults":[{"ancestorTitles":["canPreviewEmbed"],"fullName":"canPreviewEmbed allows Twitter preview with URL only (widget render)","status":"passed","title":"allows Twitter preview with URL only (widget render)","duration":1.1148000000000593,"failureMessages":[],"meta":{}},{"ancestorTitles":["canPreviewEmbed"],"fullName":"canPreviewEmbed allows html-based preview","status":"passed","title":"allows html-based preview","duration":0.2601999999999407,"failureMessages":[],"meta":{}},{"ancestorTitles":["canPreviewEmbed"],"fullName":"canPreviewEmbed rejects empty meta","status":"passed","title":"rejects empty meta","duration":0.12030000000004293,"failureMessages":[],"meta":{}}],"startTime":1779880787417,"endTime":1779880787419.2603,"status":"passed","message":"","name":"C:/Work/Dev-rd/liveblog/client_web2/src/mechanisms/editor-manager/subsystems/embed-handlers/services/canPreviewEmbed.test.ts"},{"assertionResults":[{"ancestorTitles":["iframelyEmbedJs"],"fullName":"iframelyEmbedJs uses cdn.iframe.ly with key query param like legacy themes","status":"passed","title":"uses cdn.iframe.ly with key query param like legacy themes","duration":1.085700000000088,"failureMessages":[],"meta":{}}],"startTime":1779880788450,"endTime":1779880788451.0857,"status":"passed","message":"","name":"C:/Work/Dev-rd/liveblog/client_web2/src/mechanisms/editor-manager/subsystems/embed-handlers/services/iframelyEmbedJs.test.ts"},{"assertionResults":[{"ancestorTitles":["mergeEmbedMeta"],"fullName":"mergeEmbedMeta clears thumbnail when cover hidden","status":"passed","title":"clears thumbnail when cover hidden","duration":2.072099999999864,"failureMessages":[],"meta":{}},{"ancestorTitles":["mergeEmbedMeta"],"fullName":"mergeEmbedMeta merges title and instagram caption flag","status":"passed","title":"merges title and instagram caption flag","duration":0.2568999999998596,"failureMessages":[],"meta":{}}],"startTime":1779880785789,"endTime":1779880785791.2568,"status":"passed","message":"","name":"C:/Work/Dev-rd/liveblog/client_web2/src/mechanisms/editor-manager/subsystems/embed-handlers/services/mergeEmbedMeta.test.ts"},{"assertionResults":[{"ancestorTitles":["normalizeEmbedInput"],"fullName":"normalizeEmbedInput extracts twitter status URL from embed HTML","status":"passed","title":"extracts twitter status URL from embed HTML","duration":1.9402999999999793,"failureMessages":[],"meta":{}},{"ancestorTitles":["normalizeEmbedInput"],"fullName":"normalizeEmbedInput normalizes twitter URL","status":"passed","title":"normalizes twitter URL","duration":0.775899999999865,"failureMessages":[],"meta":{}},{"ancestorTitles":["normalizeEmbedInput"],"fullName":"normalizeEmbedInput detects http URLs","status":"passed","title":"detects http URLs","duration":0.1974999999999909,"failureMessages":[],"meta":{}},{"ancestorTitles":["normalizeEmbedInput"],"fullName":"normalizeEmbedInput auto-resolves complete URLs and embed HTML","status":"passed","title":"auto-resolves complete URLs and embed HTML","duration":0.4651000000001204,"failureMessages":[],"meta":{}}],"startTime":1779880785827,"endTime":1779880785830.465,"status":"passed","message":"","name":"C:/Work/Dev-rd/liveblog/client_web2/src/mechanisms/editor-manager/subsystems/embed-handlers/services/normalizeEmbedInput.test.ts"},{"assertionResults":[{"ancestorTitles":["pickDisplayHtml"],"fullName":"pickDisplayHtml prefers meta.html over legacy card wrapper","status":"passed","title":"prefers meta.html over legacy card wrapper","duration":1.6102999999998246,"failureMessages":[],"meta":{}},{"ancestorTitles":["pickDisplayHtml"],"fullName":"pickDisplayHtml extracts embed-preview from Sir Trevor card","status":"passed","title":"extracts embed-preview from Sir Trevor card","duration":45.83770000000004,"failureMessages":[],"meta":{}},{"ancestorTitles":["pickDisplayHtml"],"fullName":"pickDisplayHtml falls back to thumbnail image","status":"passed","title":"falls back to thumbnail image","duration":0.3612000000000535,"failureMessages":[],"meta":{}},{"ancestorTitles":["pickDisplayHtml"],"fullName":"pickDisplayHtml detects iframely card markup","status":"passed","title":"detects iframely card markup","duration":0.3712000000000444,"failureMessages":[],"meta":{}}],"startTime":1779880785527,"endTime":1779880785575.371,"status":"passed","message":"","name":"C:/Work/Dev-rd/liveblog/client_web2/src/mechanisms/editor-manager/subsystems/embed-handlers/services/pickDisplayHtml.test.ts"}]}