{"numTotalTestSuites":35,"numPassedTestSuites":35,"numFailedTestSuites":0,"numPendingTestSuites":0,"numTotalTests":45,"numPassedTests":45,"numFailedTests":0,"numPendingTests":0,"numTodoTests":0,"snapshot":{"added":0,"failure":false,"filesAdded":0,"filesRemoved":0,"filesRemovedList":[],"filesUnmatched":0,"filesUpdated":0,"matched":0,"total":0,"unchecked":0,"uncheckedKeysByFile":[],"unmatched":0,"updated":0,"didUpdate":false},"startTime":1779791427762,"success":true,"testResults":[{"assertionResults":[{"ancestorTitles":["LbCard"],"fullName":"LbCard renders compound header title and subtitle","status":"passed","title":"renders compound header title and subtitle","duration":37.97609999999986,"failureMessages":[],"meta":{}},{"ancestorTitles":["LbCard"],"fullName":"LbCard renders LbFeatureCard","status":"passed","title":"renders LbFeatureCard","duration":5.578800000000001,"failureMessages":[],"meta":{}},{"ancestorTitles":["LbCard"],"fullName":"LbCard renders LbPanelCard with actions","status":"passed","title":"renders LbPanelCard with actions","duration":7.729500000000144,"failureMessages":[],"meta":{}}],"startTime":1779791429652,"endTime":1779791429703.7295,"status":"passed","message":"","name":"C:/Work/Dev-rd/liveblog/client_web2/src/components/ui/LbCard.test.tsx"},{"assertionResults":[{"ancestorTitles":["liveblog-api client"],"fullName":"liveblog-api client logs request and response on success","status":"passed","title":"logs request and response on success","duration":5.07549999999992,"failureMessages":[],"meta":{}},{"ancestorTitles":["liveblog-api client"],"fullName":"liveblog-api client throws LiveblogApiError on HTTP error","status":"passed","title":"throws LiveblogApiError on HTTP error","duration":2.3943000000001575,"failureMessages":[],"meta":{}}],"startTime":1779791429517,"endTime":1779791429525.3943,"status":"passed","message":"","name":"C:/Work/Dev-rd/liveblog/client_web2/src/mechanisms/liveblog-api/client.test.ts"},{"assertionResults":[{"ancestorTitles":["blog-list-manager constants"],"fullName":"blog-list-manager constants maps routes to tabs","status":"passed","title":"maps routes to tabs","duration":1.2933000000000447,"failureMessages":[],"meta":{}},{"ancestorTitles":["blog-list-manager constants"],"fullName":"blog-list-manager constants defines blog status codes","status":"passed","title":"defines blog status codes","duration":0.26900000000000546,"failureMessages":[],"meta":{}},{"ancestorTitles":["blog-list-manager constants"],"fullName":"blog-list-manager constants filters blogs by search client-side","status":"passed","title":"filters blogs by search client-side","duration":0.8627000000001317,"failureMessages":[],"meta":{}}],"startTime":1779791429554,"endTime":1779791429555.8628,"status":"passed","message":"","name":"C:/Work/Dev-rd/liveblog/client_web2/src/mechanisms/blog-list-manager/constants.test.ts"},{"assertionResults":[{"ancestorTitles":["nav-config"],"fullName":"nav-config resolves route titles","status":"passed","title":"resolves route titles","duration":1.3413000000000466,"failureMessages":[],"meta":{}},{"ancestorTitles":["nav-config"],"fullName":"nav-config returns sub-nav for liveblog and settings","status":"passed","title":"returns sub-nav for liveblog and settings","duration":0.30709999999999127,"failureMessages":[],"meta":{}},{"ancestorTitles":["nav-config"],"fullName":"nav-config hides sub-nav on editor and blog settings routes","status":"passed","title":"hides sub-nav on editor and blog settings routes","duration":0.12599999999997635,"failureMessages":[],"meta":{}},{"ancestorTitles":["nav-config"],"fullName":"nav-config filters feature-flag admin items","status":"passed","title":"filters feature-flag admin items","duration":0.25300000000015643,"failureMessages":[],"meta":{}}],"startTime":1779791429697,"endTime":1779791429699.3071,"status":"passed","message":"","name":"C:/Work/Dev-rd/liveblog/client_web2/src/mechanisms/navigation-manager/nav-config.test.ts"},{"assertionResults":[{"ancestorTitles":["request-logger"],"fullName":"request-logger caps history at 200 entries","status":"passed","title":"caps history at 200 entries","duration":12.386999999999944,"failureMessages":[],"meta":{}},{"ancestorTitles":["request-logger"],"fullName":"request-logger returns newest-first order","status":"passed","title":"returns newest-first order","duration":0.9037000000000717,"failureMessages":[],"meta":{}},{"ancestorTitles":["request-logger"],"fullName":"request-logger links request id to response entry","status":"passed","title":"links request id to response entry","duration":0.5505999999998039,"failureMessages":[],"meta":{}},{"ancestorTitles":["request-logger"],"fullName":"request-logger records error direction","status":"passed","title":"records error direction","duration":0.7493999999999232,"failureMessages":[],"meta":{}},{"ancestorTitles":["request-logger"],"fullName":"request-logger clears history","status":"passed","title":"clears history","duration":0.6401000000000749,"failureMessages":[],"meta":{}}],"startTime":1779791429397,"endTime":1779791429412.6401,"status":"passed","message":"","name":"C:/Work/Dev-rd/liveblog/client_web2/src/mechanisms/request-logger/logger.test.ts"},{"assertionResults":[{"ancestorTitles":["settings-manager types"],"fullName":"settings-manager types maps API preferences into form defaults","status":"passed","title":"maps API preferences into form defaults","duration":1.9195999999999458,"failureMessages":[],"meta":{}},{"ancestorTitles":["settings-manager types"],"fullName":"settings-manager types builds patch list for all allowed keys","status":"passed","title":"builds patch list for all allowed keys","duration":1.3068000000000666,"failureMessages":[],"meta":{}}],"startTime":1779791429520,"endTime":1779791429523.307,"status":"passed","message":"","name":"C:/Work/Dev-rd/liveblog/client_web2/src/mechanisms/settings-manager/types.test.ts"},{"assertionResults":[{"ancestorTitles":["listBlogs"],"fullName":"listBlogs queries blogs with blog_status where clause","status":"passed","title":"queries blogs with blog_status where clause","duration":7.030999999999949,"failureMessages":[],"meta":{}}],"startTime":1779791429555,"endTime":1779791429562.031,"status":"passed","message":"","name":"C:/Work/Dev-rd/liveblog/client_web2/src/mechanisms/liveblog-api/endpoints/blogs.test.ts"},{"assertionResults":[{"ancestorTitles":["listBlogPosts"],"fullName":"listBlogPosts queries nested blog posts with source criteria","status":"passed","title":"queries nested blog posts with source criteria","duration":5.7077999999999065,"failureMessages":[],"meta":{}},{"ancestorTitles":["enrichPost"],"fullName":"enrichPost derives mainItem from main group refs","status":"passed","title":"derives mainItem from main group refs","duration":0.564200000000028,"failureMessages":[],"meta":{}}],"startTime":1779791429554,"endTime":1779791429560.5642,"status":"passed","message":"","name":"C:/Work/Dev-rd/liveblog/client_web2/src/mechanisms/liveblog-api/endpoints/posts.test.ts"},{"assertionResults":[{"ancestorTitles":["buildPostsQueryCriteria"],"fullName":"buildPostsQueryCriteria excludes deleted posts by default","status":"passed","title":"excludes deleted posts by default","duration":2.38169999999991,"failureMessages":[],"meta":{}},{"ancestorTitles":["buildPostsQueryCriteria"],"fullName":"buildPostsQueryCriteria applies sticky filter when provided","status":"passed","title":"applies sticky filter when provided","duration":0.39800000000013824,"failureMessages":[],"meta":{}},{"ancestorTitles":["comparePostsBySort"],"fullName":"comparePostsBySort sorts editorial descending by order field","status":"passed","title":"sorts editorial descending by order field","duration":0.41849999999999454,"failureMessages":[],"meta":{}}],"startTime":1779791429413,"endTime":1779791429416.4185,"status":"passed","message":"","name":"C:/Work/Dev-rd/liveblog/client_web2/src/mechanisms/liveblog-api/endpoints/postsCriteria.test.ts"},{"assertionResults":[{"ancestorTitles":["blogPermissions"],"fullName":"blogPermissions allows admin full access","status":"passed","title":"allows admin full access","duration":1.347300000000132,"failureMessages":[],"meta":{}},{"ancestorTitles":["blogPermissions"],"fullName":"blogPermissions allows member to open blog","status":"passed","title":"allows member to open blog","duration":0.25270000000000437,"failureMessages":[],"meta":{}},{"ancestorTitles":["blogPermissions"],"fullName":"blogPermissions denies non-member user","status":"passed","title":"denies non-member user","duration":0.1492000000000644,"failureMessages":[],"meta":{}}],"startTime":1779791429484,"endTime":1779791429486.1492,"status":"passed","message":"","name":"C:/Work/Dev-rd/liveblog/client_web2/src/mechanisms/blog-list-manager/services/blogPermissions.test.ts"},{"assertionResults":[{"ancestorTitles":["blockTransform"],"fullName":"blockTransform converts text blocks to post items","status":"passed","title":"converts text blocks to post items","duration":1.7600999999999658,"failureMessages":[],"meta":{}},{"ancestorTitles":["blockTransform"],"fullName":"blockTransform skips empty text blocks","status":"passed","title":"skips empty text blocks","duration":0.8593000000000757,"failureMessages":[],"meta":{}},{"ancestorTitles":["blockTransform"],"fullName":"blockTransform maps poll blocks to post items","status":"passed","title":"maps poll blocks to post items","duration":0.9169999999999163,"failureMessages":[],"meta":{}},{"ancestorTitles":["blockTransform"],"fullName":"blockTransform round-trips text posts to blocks","status":"passed","title":"round-trips text posts to blocks","duration":0.3303000000000793,"failureMessages":[],"meta":{}}],"startTime":1779791429463,"endTime":1779791429467.3303,"status":"passed","message":"","name":"C:/Work/Dev-rd/liveblog/client_web2/src/mechanisms/editor-manager/services/blockTransform.test.ts"},{"assertionResults":[{"ancestorTitles":["sessionStorage"],"fullName":"sessionStorage formats Basic auth header like Superdesk","status":"passed","title":"formats Basic auth header like Superdesk","duration":1.7299000000000433,"failureMessages":[],"meta":{}},{"ancestorTitles":["sessionStorage"],"fullName":"sessionStorage writes all sess:* keys","status":"passed","title":"writes all sess:* keys","duration":0.4498000000000957,"failureMessages":[],"meta":{}},{"ancestorTitles":["sessionStorage"],"fullName":"sessionStorage clears stale session when token missing but user present","status":"passed","title":"clears stale session when token missing but user present","duration":0.3423000000000229,"failureMessages":[],"meta":{}},{"ancestorTitles":["sessionStorage"],"fullName":"sessionStorage reads session ids from storage","status":"passed","title":"reads session ids from storage","duration":0.3384000000000924,"failureMessages":[],"meta":{}}],"startTime":1779791429606,"endTime":1779791429608.4497,"status":"passed","message":"","name":"C:/Work/Dev-rd/liveblog/client_web2/src/mechanisms/auth-manager/services/sessionStorage.test.ts"},{"assertionResults":[{"ancestorTitles":["parseTheme"],"fullName":"parseTheme parses author string into object","status":"passed","title":"parses author string into object","duration":2.098600000000033,"failureMessages":[],"meta":{}},{"ancestorTitles":["parseTheme"],"fullName":"parseTheme blocks removal of system themes and parents with children","status":"passed","title":"blocks removal of system themes and parents with children","duration":0.45069999999986976,"failureMessages":[],"meta":{}}],"startTime":1779791429615,"endTime":1779791429617.4507,"status":"passed","message":"","name":"C:/Work/Dev-rd/liveblog/client_web2/src/mechanisms/themes-manager/services/parseTheme.test.ts"},{"assertionResults":[{"ancestorTitles":["themeHierarchy"],"fullName":"themeHierarchy nests child themes under parent extends","status":"passed","title":"nests child themes under parent extends","duration":1.9787999999998647,"failureMessages":[],"meta":{}}],"startTime":1779791429587,"endTime":1779791429588.9788,"status":"passed","message":"","name":"C:/Work/Dev-rd/liveblog/client_web2/src/mechanisms/themes-manager/services/themeHierarchy.test.ts"},{"assertionResults":[{"ancestorTitles":["detectEmbedProvider"],"fullName":"detectEmbedProvider detects Twitter URLs","status":"passed","title":"detects Twitter URLs","duration":2.123800000000074,"failureMessages":[],"meta":{}},{"ancestorTitles":["detectEmbedProvider"],"fullName":"detectEmbedProvider detects Facebook URLs","status":"passed","title":"detects Facebook URLs","duration":0.6652999999998883,"failureMessages":[],"meta":{}},{"ancestorTitles":["detectEmbedProvider"],"fullName":"detectEmbedProvider detects image URLs","status":"passed","title":"detects image URLs","duration":0.4514999999998963,"failureMessages":[],"meta":{}},{"ancestorTitles":["detectEmbedProvider"],"fullName":"detectEmbedProvider falls back to generic for unknown hosts","status":"passed","title":"falls back to generic for unknown hosts","duration":0.6459000000002106,"failureMessages":[],"meta":{}}],"startTime":1779791429415,"endTime":1779791429418.646,"status":"passed","message":"","name":"C:/Work/Dev-rd/liveblog/client_web2/src/mechanisms/editor-manager/subsystems/embed-handlers/detectProvider.test.ts"},{"assertionResults":[{"ancestorTitles":["pollCalculations"],"fullName":"pollCalculations computes vote percentages","status":"passed","title":"computes vote percentages","duration":1.913000000000011,"failureMessages":[],"meta":{}},{"ancestorTitles":["buildPollActiveUntil"],"fullName":"buildPollActiveUntil returns ISO string in the future","status":"passed","title":"returns ISO string in the future","duration":0.342600000000175,"failureMessages":[],"meta":{}}],"startTime":1779791429549,"endTime":1779791429551.3425,"status":"passed","message":"","name":"C:/Work/Dev-rd/liveblog/client_web2/src/mechanisms/editor-manager/subsystems/polls/pollCalculations.test.ts"}]}