{"numTotalTestSuites":35,"numPassedTestSuites":35,"numFailedTestSuites":0,"numPendingTestSuites":0,"numTotalTests":45,"numPassedTests":45,"numFailedTests":0,"numPendingTests":0,"numTodoTests":0,"snapshot":{"added":0,"failure":false,"filesAdded":0,"filesRemoved":0,"filesRemovedList":[],"filesUnmatched":0,"filesUpdated":0,"matched":0,"total":0,"unchecked":0,"uncheckedKeysByFile":[],"unmatched":0,"updated":0,"didUpdate":false},"startTime":1779791658664,"success":true,"testResults":[{"assertionResults":[{"ancestorTitles":["LbCard"],"fullName":"LbCard renders compound header title and subtitle","status":"passed","title":"renders compound header title and subtitle","duration":30.565399999999954,"failureMessages":[],"meta":{}},{"ancestorTitles":["LbCard"],"fullName":"LbCard renders LbFeatureCard","status":"passed","title":"renders LbFeatureCard","duration":4.032799999999952,"failureMessages":[],"meta":{}},{"ancestorTitles":["LbCard"],"fullName":"LbCard renders LbPanelCard with actions","status":"passed","title":"renders LbPanelCard with actions","duration":6.806899999999814,"failureMessages":[],"meta":{}}],"startTime":1779791660233,"endTime":1779791660274.807,"status":"passed","message":"","name":"C:/Work/Dev-rd/liveblog/client_web2/src/components/ui/LbCard.test.tsx"},{"assertionResults":[{"ancestorTitles":["blog-list-manager constants"],"fullName":"blog-list-manager constants maps routes to tabs","status":"passed","title":"maps routes to tabs","duration":1.2543000000000575,"failureMessages":[],"meta":{}},{"ancestorTitles":["blog-list-manager constants"],"fullName":"blog-list-manager constants defines blog status codes","status":"passed","title":"defines blog status codes","duration":0.26289999999994507,"failureMessages":[],"meta":{}},{"ancestorTitles":["blog-list-manager constants"],"fullName":"blog-list-manager constants filters blogs by search client-side","status":"passed","title":"filters blogs by search client-side","duration":1.0271999999999935,"failureMessages":[],"meta":{}}],"startTime":1779791660210,"endTime":1779791660213.027,"status":"passed","message":"","name":"C:/Work/Dev-rd/liveblog/client_web2/src/mechanisms/blog-list-manager/constants.test.ts"},{"assertionResults":[{"ancestorTitles":["nav-config"],"fullName":"nav-config resolves route titles","status":"passed","title":"resolves route titles","duration":1.2296000000001186,"failureMessages":[],"meta":{}},{"ancestorTitles":["nav-config"],"fullName":"nav-config returns sub-nav for liveblog and settings","status":"passed","title":"returns sub-nav for liveblog and settings","duration":0.2898999999999887,"failureMessages":[],"meta":{}},{"ancestorTitles":["nav-config"],"fullName":"nav-config hides sub-nav on editor and blog settings routes","status":"passed","title":"hides sub-nav on editor and blog settings routes","duration":0.12089999999989232,"failureMessages":[],"meta":{}},{"ancestorTitles":["nav-config"],"fullName":"nav-config filters feature-flag admin items","status":"passed","title":"filters feature-flag admin items","duration":0.21889999999984866,"failureMessages":[],"meta":{}}],"startTime":1779791660206,"endTime":1779791660207.2898,"status":"passed","message":"","name":"C:/Work/Dev-rd/liveblog/client_web2/src/mechanisms/navigation-manager/nav-config.test.ts"},{"assertionResults":[{"ancestorTitles":["request-logger"],"fullName":"request-logger caps history at 200 entries","status":"passed","title":"caps history at 200 entries","duration":9.256399999999985,"failureMessages":[],"meta":{}},{"ancestorTitles":["request-logger"],"fullName":"request-logger returns newest-first order","status":"passed","title":"returns newest-first order","duration":0.6940999999999349,"failureMessages":[],"meta":{}},{"ancestorTitles":["request-logger"],"fullName":"request-logger links request id to response entry","status":"passed","title":"links request id to response entry","duration":0.3930000000000291,"failureMessages":[],"meta":{}},{"ancestorTitles":["request-logger"],"fullName":"request-logger records error direction","status":"passed","title":"records error direction","duration":0.46329999999989013,"failureMessages":[],"meta":{}},{"ancestorTitles":["request-logger"],"fullName":"request-logger clears history","status":"passed","title":"clears history","duration":0.45289999999999964,"failureMessages":[],"meta":{}}],"startTime":1779791660057,"endTime":1779791660068.453,"status":"passed","message":"","name":"C:/Work/Dev-rd/liveblog/client_web2/src/mechanisms/request-logger/logger.test.ts"},{"assertionResults":[{"ancestorTitles":["settings-manager types"],"fullName":"settings-manager types maps API preferences into form defaults","status":"passed","title":"maps API preferences into form defaults","duration":1.5819000000001324,"failureMessages":[],"meta":{}},{"ancestorTitles":["settings-manager types"],"fullName":"settings-manager types builds patch list for all allowed keys","status":"passed","title":"builds patch list for all allowed keys","duration":1.1394000000000233,"failureMessages":[],"meta":{}}],"startTime":1779791660119,"endTime":1779791660121.1394,"status":"passed","message":"","name":"C:/Work/Dev-rd/liveblog/client_web2/src/mechanisms/settings-manager/types.test.ts"},{"assertionResults":[{"ancestorTitles":["liveblog-api client"],"fullName":"liveblog-api client logs request and response on success","status":"passed","title":"logs request and response on success","duration":4.160799999999881,"failureMessages":[],"meta":{}},{"ancestorTitles":["liveblog-api client"],"fullName":"liveblog-api client throws LiveblogApiError on HTTP error","status":"passed","title":"throws LiveblogApiError on HTTP error","duration":1.5651000000000295,"failureMessages":[],"meta":{}}],"startTime":1779791660069,"endTime":1779791660074.5652,"status":"passed","message":"","name":"C:/Work/Dev-rd/liveblog/client_web2/src/mechanisms/liveblog-api/client.test.ts"},{"assertionResults":[{"ancestorTitles":["sessionStorage"],"fullName":"sessionStorage formats Basic auth header like Superdesk","status":"passed","title":"formats Basic auth header like Superdesk","duration":1.17899999999986,"failureMessages":[],"meta":{}},{"ancestorTitles":["sessionStorage"],"fullName":"sessionStorage writes all sess:* keys","status":"passed","title":"writes all sess:* keys","duration":0.3604000000000269,"failureMessages":[],"meta":{}},{"ancestorTitles":["sessionStorage"],"fullName":"sessionStorage clears stale session when token missing but user present","status":"passed","title":"clears stale session when token missing but user present","duration":0.248299999999972,"failureMessages":[],"meta":{}},{"ancestorTitles":["sessionStorage"],"fullName":"sessionStorage reads session ids from storage","status":"passed","title":"reads session ids from storage","duration":0.25699999999983447,"failureMessages":[],"meta":{}}],"startTime":1779791660118,"endTime":1779791660120.257,"status":"passed","message":"","name":"C:/Work/Dev-rd/liveblog/client_web2/src/mechanisms/auth-manager/services/sessionStorage.test.ts"},{"assertionResults":[{"ancestorTitles":["blockTransform"],"fullName":"blockTransform converts text blocks to post items","status":"passed","title":"converts text blocks to post items","duration":1.5845999999999094,"failureMessages":[],"meta":{}},{"ancestorTitles":["blockTransform"],"fullName":"blockTransform skips empty text blocks","status":"passed","title":"skips empty text blocks","duration":0.753400000000056,"failureMessages":[],"meta":{}},{"ancestorTitles":["blockTransform"],"fullName":"blockTransform maps poll blocks to post items","status":"passed","title":"maps poll blocks to post items","duration":0.7967000000001008,"failureMessages":[],"meta":{}},{"ancestorTitles":["blockTransform"],"fullName":"blockTransform round-trips text posts to blocks","status":"passed","title":"round-trips text posts to blocks","duration":0.27119999999990796,"failureMessages":[],"meta":{}}],"startTime":1779791660030,"endTime":1779791660034.2712,"status":"passed","message":"","name":"C:/Work/Dev-rd/liveblog/client_web2/src/mechanisms/editor-manager/services/blockTransform.test.ts"},{"assertionResults":[{"ancestorTitles":["blogPermissions"],"fullName":"blogPermissions allows admin full access","status":"passed","title":"allows admin full access","duration":1.2787999999998192,"failureMessages":[],"meta":{}},{"ancestorTitles":["blogPermissions"],"fullName":"blogPermissions allows member to open blog","status":"passed","title":"allows member to open blog","duration":0.26900000000000546,"failureMessages":[],"meta":{}},{"ancestorTitles":["blogPermissions"],"fullName":"blogPermissions denies non-member user","status":"passed","title":"denies non-member user","duration":0.15990000000010696,"failureMessages":[],"meta":{}}],"startTime":1779791660161,"endTime":1779791660163.269,"status":"passed","message":"","name":"C:/Work/Dev-rd/liveblog/client_web2/src/mechanisms/blog-list-manager/services/blogPermissions.test.ts"},{"assertionResults":[{"ancestorTitles":["parseTheme"],"fullName":"parseTheme parses author string into object","status":"passed","title":"parses author string into object","duration":1.5924999999999727,"failureMessages":[],"meta":{}},{"ancestorTitles":["parseTheme"],"fullName":"parseTheme blocks removal of system themes and parents with children","status":"passed","title":"blocks removal of system themes and parents with children","duration":0.42840000000001055,"failureMessages":[],"meta":{}}],"startTime":1779791660207,"endTime":1779791660208.5925,"status":"passed","message":"","name":"C:/Work/Dev-rd/liveblog/client_web2/src/mechanisms/themes-manager/services/parseTheme.test.ts"},{"assertionResults":[{"ancestorTitles":["themeHierarchy"],"fullName":"themeHierarchy nests child themes under parent extends","status":"passed","title":"nests child themes under parent extends","duration":1.521900000000187,"failureMessages":[],"meta":{}}],"startTime":1779791660215,"endTime":1779791660216.522,"status":"passed","message":"","name":"C:/Work/Dev-rd/liveblog/client_web2/src/mechanisms/themes-manager/services/themeHierarchy.test.ts"},{"assertionResults":[{"ancestorTitles":["listBlogs"],"fullName":"listBlogs queries blogs with blog_status where clause","status":"passed","title":"queries blogs with blog_status where clause","duration":5.324900000000071,"failureMessages":[],"meta":{}}],"startTime":1779791660067,"endTime":1779791660072.325,"status":"passed","message":"","name":"C:/Work/Dev-rd/liveblog/client_web2/src/mechanisms/liveblog-api/endpoints/blogs.test.ts"},{"assertionResults":[{"ancestorTitles":["listBlogPosts"],"fullName":"listBlogPosts queries nested blog posts with source criteria","status":"passed","title":"queries nested blog posts with source criteria","duration":4.788199999999961,"failureMessages":[],"meta":{}},{"ancestorTitles":["enrichPost"],"fullName":"enrichPost derives mainItem from main group refs","status":"passed","title":"derives mainItem from main group refs","duration":0.49459999999999127,"failureMessages":[],"meta":{}}],"startTime":1779791660104,"endTime":1779791660108.788,"status":"passed","message":"","name":"C:/Work/Dev-rd/liveblog/client_web2/src/mechanisms/liveblog-api/endpoints/posts.test.ts"},{"assertionResults":[{"ancestorTitles":["buildPostsQueryCriteria"],"fullName":"buildPostsQueryCriteria excludes deleted posts by default","status":"passed","title":"excludes deleted posts by default","duration":2.0074999999999363,"failureMessages":[],"meta":{}},{"ancestorTitles":["buildPostsQueryCriteria"],"fullName":"buildPostsQueryCriteria applies sticky filter when provided","status":"passed","title":"applies sticky filter when provided","duration":0.34699999999998,"failureMessages":[],"meta":{}},{"ancestorTitles":["comparePostsBySort"],"fullName":"comparePostsBySort sorts editorial descending by order field","status":"passed","title":"sorts editorial descending by order field","duration":0.3684000000000651,"failureMessages":[],"meta":{}}],"startTime":1779791660104,"endTime":1779791660106.3684,"status":"passed","message":"","name":"C:/Work/Dev-rd/liveblog/client_web2/src/mechanisms/liveblog-api/endpoints/postsCriteria.test.ts"},{"assertionResults":[{"ancestorTitles":["detectEmbedProvider"],"fullName":"detectEmbedProvider detects Twitter URLs","status":"passed","title":"detects Twitter URLs","duration":1.248600000000124,"failureMessages":[],"meta":{}},{"ancestorTitles":["detectEmbedProvider"],"fullName":"detectEmbedProvider detects Facebook URLs","status":"passed","title":"detects Facebook URLs","duration":0.47450000000003456,"failureMessages":[],"meta":{}},{"ancestorTitles":["detectEmbedProvider"],"fullName":"detectEmbedProvider detects image URLs","status":"passed","title":"detects image URLs","duration":0.3420000000000982,"failureMessages":[],"meta":{}},{"ancestorTitles":["detectEmbedProvider"],"fullName":"detectEmbedProvider falls back to generic for unknown hosts","status":"passed","title":"falls back to generic for unknown hosts","duration":0.5018999999999778,"failureMessages":[],"meta":{}}],"startTime":1779791660215,"endTime":1779791660217.502,"status":"passed","message":"","name":"C:/Work/Dev-rd/liveblog/client_web2/src/mechanisms/editor-manager/subsystems/embed-handlers/detectProvider.test.ts"},{"assertionResults":[{"ancestorTitles":["pollCalculations"],"fullName":"pollCalculations computes vote percentages","status":"passed","title":"computes vote percentages","duration":1.7208000000000538,"failureMessages":[],"meta":{}},{"ancestorTitles":["buildPollActiveUntil"],"fullName":"buildPollActiveUntil returns ISO string in the future","status":"passed","title":"returns ISO string in the future","duration":0.30969999999979336,"failureMessages":[],"meta":{}}],"startTime":1779791660215,"endTime":1779791660217.3098,"status":"passed","message":"","name":"C:/Work/Dev-rd/liveblog/client_web2/src/mechanisms/editor-manager/subsystems/polls/pollCalculations.test.ts"}]}