{"numTotalTestSuites":51,"numPassedTestSuites":51,"numFailedTestSuites":0,"numPendingTestSuites":0,"numTotalTests":62,"numPassedTests":62,"numFailedTests":0,"numPendingTests":0,"numTodoTests":0,"snapshot":{"added":0,"failure":false,"filesAdded":0,"filesRemoved":0,"filesRemovedList":[],"filesUnmatched":0,"filesUpdated":0,"matched":0,"total":0,"unchecked":0,"uncheckedKeysByFile":[],"unmatched":0,"updated":0,"didUpdate":false},"startTime":1779793099461,"success":true,"testResults":[{"assertionResults":[{"ancestorTitles":["LbCard"],"fullName":"LbCard renders compound header title and subtitle","status":"passed","title":"renders compound header title and subtitle","duration":39.353200000000015,"failureMessages":[],"meta":{}},{"ancestorTitles":["LbCard"],"fullName":"LbCard renders LbFeatureCard","status":"passed","title":"renders LbFeatureCard","duration":6.106300000000374,"failureMessages":[],"meta":{}},{"ancestorTitles":["LbCard"],"fullName":"LbCard renders LbPanelCard with actions","status":"passed","title":"renders LbPanelCard with actions","duration":6.734600000000228,"failureMessages":[],"meta":{}}],"startTime":1779793101710,"endTime":1779793101762.7346,"status":"passed","message":"","name":"C:/Work/Dev-rd/liveblog/client_web2/src/components/ui/LbCard.test.tsx"},{"assertionResults":[{"ancestorTitles":["resolveFeatureFlags"],"fullName":"resolveFeatureFlags returns env flags when API settings are null","status":"passed","title":"returns env flags when API settings are null","duration":1.7862999999997555,"failureMessages":[],"meta":{}},{"ancestorTitles":["resolveFeatureFlags"],"fullName":"resolveFeatureFlags enables all gated modules on network subscription","status":"passed","title":"enables all gated modules on network subscription","duration":0.37809999999990396,"failureMessages":[],"meta":{}},{"ancestorTitles":["resolveFeatureFlags"],"fullName":"resolveFeatureFlags reads feature map from subscription settings","status":"passed","title":"reads feature map from subscription settings","duration":0.17470000000002983,"failureMessages":[],"meta":{}},{"ancestorTitles":["resolveFeatureFlags"],"fullName":"resolveFeatureFlags falls back to env when feature key missing","status":"passed","title":"falls back to env when feature key missing","duration":0.20690000000013242,"failureMessages":[],"meta":{}},{"ancestorTitles":["getEnvFeatureFlags"],"fullName":"getEnvFeatureFlags returns booleans from import.meta.env","status":"passed","title":"returns booleans from import.meta.env","duration":0.21909999999979846,"failureMessages":[],"meta":{}}],"startTime":1779793101701,"endTime":1779793101704.219,"status":"passed","message":"","name":"C:/Work/Dev-rd/liveblog/client_web2/src/lib/config/resolveFeatureFlags.test.ts"},{"assertionResults":[{"ancestorTitles":["blog-list-manager constants"],"fullName":"blog-list-manager constants maps routes to tabs","status":"passed","title":"maps routes to tabs","duration":3.3899999999998727,"failureMessages":[],"meta":{}},{"ancestorTitles":["blog-list-manager constants"],"fullName":"blog-list-manager constants defines blog status codes","status":"passed","title":"defines blog status codes","duration":1.036200000000008,"failureMessages":[],"meta":{}},{"ancestorTitles":["blog-list-manager constants"],"fullName":"blog-list-manager constants filters blogs by search client-side","status":"passed","title":"filters blogs by search client-side","duration":3.1655000000000655,"failureMessages":[],"meta":{}}],"startTime":1779793101850,"endTime":1779793101858.1655,"status":"passed","message":"","name":"C:/Work/Dev-rd/liveblog/client_web2/src/mechanisms/blog-list-manager/constants.test.ts"},{"assertionResults":[{"ancestorTitles":["liveblog-api client"],"fullName":"liveblog-api client logs request and response on success","status":"passed","title":"logs request and response on success","duration":6.015400000000227,"failureMessages":[],"meta":{}},{"ancestorTitles":["liveblog-api client"],"fullName":"liveblog-api client throws LiveblogApiError on HTTP error","status":"passed","title":"throws LiveblogApiError on HTTP error","duration":2.3339999999998327,"failureMessages":[],"meta":{}}],"startTime":1779793101668,"endTime":1779793101676.334,"status":"passed","message":"","name":"C:/Work/Dev-rd/liveblog/client_web2/src/mechanisms/liveblog-api/client.test.ts"},{"assertionResults":[{"ancestorTitles":["nav-config"],"fullName":"nav-config resolves route titles","status":"passed","title":"resolves route titles","duration":1.3665000000000873,"failureMessages":[],"meta":{}},{"ancestorTitles":["nav-config"],"fullName":"nav-config returns sub-nav for liveblog and settings","status":"passed","title":"returns sub-nav for liveblog and settings","duration":0.3682999999996355,"failureMessages":[],"meta":{}},{"ancestorTitles":["nav-config"],"fullName":"nav-config hides sub-nav on editor and blog settings routes","status":"passed","title":"hides sub-nav on editor and blog settings routes","duration":0.14879999999993743,"failureMessages":[],"meta":{}},{"ancestorTitles":["nav-config"],"fullName":"nav-config filters feature-flag admin items","status":"passed","title":"filters feature-flag admin items","duration":0.3552999999997155,"failureMessages":[],"meta":{}}],"startTime":1779793101959,"endTime":1779793101961.3684,"status":"passed","message":"","name":"C:/Work/Dev-rd/liveblog/client_web2/src/mechanisms/navigation-manager/nav-config.test.ts"},{"assertionResults":[{"ancestorTitles":["request-logger"],"fullName":"request-logger caps history at 200 entries","status":"passed","title":"caps history at 200 entries","duration":11.447599999999966,"failureMessages":[],"meta":{}},{"ancestorTitles":["request-logger"],"fullName":"request-logger returns newest-first order","status":"passed","title":"returns newest-first order","duration":1.0221000000001368,"failureMessages":[],"meta":{}},{"ancestorTitles":["request-logger"],"fullName":"request-logger links request id to response entry","status":"passed","title":"links request id to response entry","duration":0.7466999999996915,"failureMessages":[],"meta":{}},{"ancestorTitles":["request-logger"],"fullName":"request-logger records error direction","status":"passed","title":"records error direction","duration":0.8811000000000604,"failureMessages":[],"meta":{}},{"ancestorTitles":["request-logger"],"fullName":"request-logger clears history","status":"passed","title":"clears history","duration":0.6786999999999352,"failureMessages":[],"meta":{}}],"startTime":1779793101693,"endTime":1779793101707.6787,"status":"passed","message":"","name":"C:/Work/Dev-rd/liveblog/client_web2/src/mechanisms/request-logger/logger.test.ts"},{"assertionResults":[{"ancestorTitles":["wsManager"],"fullName":"wsManager transitions to connected and emits Connected","status":"passed","title":"transitions to connected and emits Connected","duration":8.065300000000207,"failureMessages":[],"meta":{}},{"ancestorTitles":["wsManager"],"fullName":"wsManager dispatches server messages to typed subscribers","status":"passed","title":"dispatches server messages to typed subscribers","duration":2.741399999999885,"failureMessages":[],"meta":{}},{"ancestorTitles":["wsManager"],"fullName":"wsManager does not spuriously disconnect on repeated connect()","status":"passed","title":"does not spuriously disconnect on repeated connect()","duration":1.739799999999832,"failureMessages":[],"meta":{}},{"ancestorTitles":["wsManager"],"fullName":"wsManager reconnects once after server close (no 5s loop)","status":"passed","title":"reconnects once after server close (no 5s loop)","duration":5.350599999999758,"failureMessages":[],"meta":{}},{"ancestorTitles":["wsManager"],"fullName":"wsManager unsubscribes handlers","status":"passed","title":"unsubscribes handlers","duration":1.361199999999826,"failureMessages":[],"meta":{}}],"startTime":1779793101703,"endTime":1779793101722.361,"status":"passed","message":"","name":"C:/Work/Dev-rd/liveblog/client_web2/src/mechanisms/websocket-manager/manager.test.ts"},{"assertionResults":[{"ancestorTitles":["createSuperdeskWsClient"],"fullName":"createSuperdeskWsClient parses { event, extra } JSON payloads","status":"passed","title":"parses { event, extra } JSON payloads","duration":9.113300000000436,"failureMessages":[],"meta":{}}],"startTime":1779793101853,"endTime":1779793101862.1133,"status":"passed","message":"","name":"C:/Work/Dev-rd/liveblog/client_web2/src/mechanisms/websocket-manager/wamp-client.test.ts"},{"assertionResults":[{"ancestorTitles":["settings-manager types"],"fullName":"settings-manager types maps API preferences into form defaults","status":"passed","title":"maps API preferences into form defaults","duration":1.8672999999998865,"failureMessages":[],"meta":{}},{"ancestorTitles":["settings-manager types"],"fullName":"settings-manager types builds patch list for all allowed keys","status":"passed","title":"builds patch list for all allowed keys","duration":1.2132000000001426,"failureMessages":[],"meta":{}}],"startTime":1779793101911,"endTime":1779793101914.2131,"status":"passed","message":"","name":"C:/Work/Dev-rd/liveblog/client_web2/src/mechanisms/settings-manager/types.test.ts"},{"assertionResults":[{"ancestorTitles":["uniqueNameInItems"],"fullName":"uniqueNameInItems allows same name when editing same item","status":"passed","title":"allows same name when editing same item","duration":1.5594999999998436,"failureMessages":[],"meta":{}},{"ancestorTitles":["uniqueNameInItems"],"fullName":"uniqueNameInItems rejects duplicate for new item","status":"passed","title":"rejects duplicate for new item","duration":0.30669999999963693,"failureMessages":[],"meta":{}}],"startTime":1779793101863,"endTime":1779793101864.5596,"status":"passed","message":"","name":"C:/Work/Dev-rd/liveblog/client_web2/src/mechanisms/advertising-manager/utils/uniqueName.test.ts"},{"assertionResults":[{"ancestorTitles":["buildAnalyticsCsv"],"fullName":"buildAnalyticsCsv joins blog_id, context_url, hits per row","status":"passed","title":"joins blog_id, context_url, hits per row","duration":1.594600000000355,"failureMessages":[],"meta":{}}],"startTime":1779793101901,"endTime":1779793101902.5945,"status":"passed","message":"","name":"C:/Work/Dev-rd/liveblog/client_web2/src/mechanisms/analytics-manager/utils/exportCsv.test.ts"},{"assertionResults":[{"ancestorTitles":["blockTransform"],"fullName":"blockTransform converts text blocks to post items","status":"passed","title":"converts text blocks to post items","duration":2.4079000000001543,"failureMessages":[],"meta":{}},{"ancestorTitles":["blockTransform"],"fullName":"blockTransform skips empty text blocks","status":"passed","title":"skips empty text blocks","duration":1.0758999999998196,"failureMessages":[],"meta":{}},{"ancestorTitles":["blockTransform"],"fullName":"blockTransform maps poll blocks to post items","status":"passed","title":"maps poll blocks to post items","duration":1.0241000000000895,"failureMessages":[],"meta":{}},{"ancestorTitles":["blockTransform"],"fullName":"blockTransform round-trips text posts to blocks","status":"passed","title":"round-trips text posts to blocks","duration":0.30749999999989086,"failureMessages":[],"meta":{}}],"startTime":1779793101869,"endTime":1779793101874.3076,"status":"passed","message":"","name":"C:/Work/Dev-rd/liveblog/client_web2/src/mechanisms/editor-manager/services/blockTransform.test.ts"},{"assertionResults":[{"ancestorTitles":["sessionStorage"],"fullName":"sessionStorage formats Basic auth header like Superdesk","status":"passed","title":"formats Basic auth header like Superdesk","duration":1.358900000000176,"failureMessages":[],"meta":{}},{"ancestorTitles":["sessionStorage"],"fullName":"sessionStorage writes all sess:* keys","status":"passed","title":"writes all sess:* keys","duration":0.3939999999997781,"failureMessages":[],"meta":{}},{"ancestorTitles":["sessionStorage"],"fullName":"sessionStorage clears stale session when token missing but user present","status":"passed","title":"clears stale session when token missing but user present","duration":0.2747999999996864,"failureMessages":[],"meta":{}},{"ancestorTitles":["sessionStorage"],"fullName":"sessionStorage reads session ids from storage","status":"passed","title":"reads session ids from storage","duration":0.2899999999999636,"failureMessages":[],"meta":{}}],"startTime":1779793101911,"endTime":1779793101913.29,"status":"passed","message":"","name":"C:/Work/Dev-rd/liveblog/client_web2/src/mechanisms/auth-manager/services/sessionStorage.test.ts"},{"assertionResults":[{"ancestorTitles":["blogPermissions"],"fullName":"blogPermissions allows admin full access","status":"passed","title":"allows admin full access","duration":3.06479999999965,"failureMessages":[],"meta":{}},{"ancestorTitles":["blogPermissions"],"fullName":"blogPermissions allows member to open blog","status":"passed","title":"allows member to open blog","duration":0.6273000000001048,"failureMessages":[],"meta":{}},{"ancestorTitles":["blogPermissions"],"fullName":"blogPermissions denies non-member user","status":"passed","title":"denies non-member user","duration":0.37560000000030414,"failureMessages":[],"meta":{}}],"startTime":1779793101852,"endTime":1779793101856.6272,"status":"passed","message":"","name":"C:/Work/Dev-rd/liveblog/client_web2/src/mechanisms/blog-list-manager/services/blogPermissions.test.ts"},{"assertionResults":[{"ancestorTitles":["validateFreetypeTemplate"],"fullName":"validateFreetypeTemplate requires at least one $variable","status":"passed","title":"requires at least one $variable","duration":1.5697999999997592,"failureMessages":[],"meta":{}},{"ancestorTitles":["validateFreetypeName"],"fullName":"validateFreetypeName rejects duplicate names","status":"passed","title":"rejects duplicate names","duration":0.259900000000016,"failureMessages":[],"meta":{}}],"startTime":1779793101904,"endTime":1779793101906.26,"status":"passed","message":"","name":"C:/Work/Dev-rd/liveblog/client_web2/src/mechanisms/freetypes-manager/utils/validateFreetype.test.ts"},{"assertionResults":[{"ancestorTitles":["splitBlogsByStartDate"],"fullName":"splitBlogsByStartDate splits by start_date vs now","status":"passed","title":"splits by start_date vs now","duration":2.725199999999859,"failureMessages":[],"meta":{}}],"startTime":1779793101869,"endTime":1779793101871.725,"status":"passed","message":"","name":"C:/Work/Dev-rd/liveblog/client_web2/src/mechanisms/marketplace-manager/utils/splitBlogsByDate.test.ts"},{"assertionResults":[{"ancestorTitles":["listBlogs"],"fullName":"listBlogs queries blogs with blog_status where clause","status":"passed","title":"queries blogs with blog_status where clause","duration":7.529299999999694,"failureMessages":[],"meta":{}}],"startTime":1779793101653,"endTime":1779793101660.5293,"status":"passed","message":"","name":"C:/Work/Dev-rd/liveblog/client_web2/src/mechanisms/liveblog-api/endpoints/blogs.test.ts"},{"assertionResults":[{"ancestorTitles":["listBlogPosts"],"fullName":"listBlogPosts queries nested blog posts with source criteria","status":"passed","title":"queries nested blog posts with source criteria","duration":9.78060000000005,"failureMessages":[],"meta":{}},{"ancestorTitles":["enrichPost"],"fullName":"enrichPost derives mainItem from main group refs","status":"passed","title":"derives mainItem from main group refs","duration":1.277599999999893,"failureMessages":[],"meta":{}}],"startTime":1779793101817,"endTime":1779793101828.2776,"status":"passed","message":"","name":"C:/Work/Dev-rd/liveblog/client_web2/src/mechanisms/liveblog-api/endpoints/posts.test.ts"},{"assertionResults":[{"ancestorTitles":["buildPostsQueryCriteria"],"fullName":"buildPostsQueryCriteria excludes deleted posts by default","status":"passed","title":"excludes deleted posts by default","duration":2.3958000000000084,"failureMessages":[],"meta":{}},{"ancestorTitles":["buildPostsQueryCriteria"],"fullName":"buildPostsQueryCriteria applies sticky filter when provided","status":"passed","title":"applies sticky filter when provided","duration":0.42049999999994725,"failureMessages":[],"meta":{}},{"ancestorTitles":["comparePostsBySort"],"fullName":"comparePostsBySort sorts editorial descending by order field","status":"passed","title":"sorts editorial descending by order field","duration":0.4673999999999978,"failureMessages":[],"meta":{}}],"startTime":1779793101560,"endTime":1779793101563.4673,"status":"passed","message":"","name":"C:/Work/Dev-rd/liveblog/client_web2/src/mechanisms/liveblog-api/endpoints/postsCriteria.test.ts"},{"assertionResults":[{"ancestorTitles":["parseTheme"],"fullName":"parseTheme parses author string into object","status":"passed","title":"parses author string into object","duration":1.7523000000001048,"failureMessages":[],"meta":{}},{"ancestorTitles":["parseTheme"],"fullName":"parseTheme blocks removal of system themes and parents with children","status":"passed","title":"blocks removal of system themes and parents with children","duration":0.4651000000003478,"failureMessages":[],"meta":{}}],"startTime":1779793101910,"endTime":1779793101912.465,"status":"passed","message":"","name":"C:/Work/Dev-rd/liveblog/client_web2/src/mechanisms/themes-manager/services/parseTheme.test.ts"},{"assertionResults":[{"ancestorTitles":["themeHierarchy"],"fullName":"themeHierarchy nests child themes under parent extends","status":"passed","title":"nests child themes under parent extends","duration":1.754699999999957,"failureMessages":[],"meta":{}}],"startTime":1779793101870,"endTime":1779793101871.7546,"status":"passed","message":"","name":"C:/Work/Dev-rd/liveblog/client_web2/src/mechanisms/themes-manager/services/themeHierarchy.test.ts"},{"assertionResults":[{"ancestorTitles":["detectEmbedProvider"],"fullName":"detectEmbedProvider detects Twitter URLs","status":"passed","title":"detects Twitter URLs","duration":1.846299999999701,"failureMessages":[],"meta":{}},{"ancestorTitles":["detectEmbedProvider"],"fullName":"detectEmbedProvider detects Facebook URLs","status":"passed","title":"detects Facebook URLs","duration":0.6114999999999782,"failureMessages":[],"meta":{}},{"ancestorTitles":["detectEmbedProvider"],"fullName":"detectEmbedProvider detects image URLs","status":"passed","title":"detects image URLs","duration":0.427599999999984,"failureMessages":[],"meta":{}},{"ancestorTitles":["detectEmbedProvider"],"fullName":"detectEmbedProvider falls back to generic for unknown hosts","status":"passed","title":"falls back to generic for unknown hosts","duration":0.6084999999998217,"failureMessages":[],"meta":{}}],"startTime":1779793101669,"endTime":1779793101672.6084,"status":"passed","message":"","name":"C:/Work/Dev-rd/liveblog/client_web2/src/mechanisms/editor-manager/subsystems/embed-handlers/detectProvider.test.ts"},{"assertionResults":[{"ancestorTitles":["pollCalculations"],"fullName":"pollCalculations computes vote percentages","status":"passed","title":"computes vote percentages","duration":1.9959999999996398,"failureMessages":[],"meta":{}},{"ancestorTitles":["buildPollActiveUntil"],"fullName":"buildPollActiveUntil returns ISO string in the future","status":"passed","title":"returns ISO string in the future","duration":0.4503999999997177,"failureMessages":[],"meta":{}}],"startTime":1779793101870,"endTime":1779793101873.4504,"status":"passed","message":"","name":"C:/Work/Dev-rd/liveblog/client_web2/src/mechanisms/editor-manager/subsystems/polls/pollCalculations.test.ts"}]}